============already begin!!!============
ThreadPoolExecutor will be starting...
(0, 6) : -1
(0, 23) : -1
(0, 4) : -1
(0, 11) : -1
(0, 9) : 0.9191458002930286
(0, 2) : 0.962314279372461
(0, 12) : 0.8688771785450535
(0, 3) : 0.8913959915398827
(0, 8) : 0.8189378503178264
(0, 14) : 0.9029335981782023
(0, 1) : 0.9578438537837619
(0, 7) : 0.9064302801394495
(0, 17) : 0.8446313116183549
(0, 5) : 0.9575563638524521
(0, 24) : 0.8873048310120305
(0, 13) : 0.956299637845321
(0, 18) : 0.9510400569992262
(0, 10) : 0.9452617238085297
(0, 38) : -1
(0, 16) : 0.9456039264903163
(0, 20) : 0.9588524320374896
(0, 22) : 0.9563201176023846
(0, 21) : 0.9458677486891125
(0, 19) : 0.9612436561467229
(0, 25) : 0.9131991528995932
(0, 45) : -1
(0, 46) : -1
(0, 28) : 0.9035525452209301
(0, 48) : -1
(0, 27) : 0.9220781842204119
(0, 50) : -1
(0, 32) : 0.842062949542487
(0, 15) : 0.9512065553192889
(0, 53) : -1
(0, 54) : -1
(0, 33) : 0.8136456977996148
(0, 26) : 0.9385740438099605
(0, 34) : 0.8950314933171262
(0, 30) : 0.9184772444819865
(0, 31) : 0.905850699655425
(0, 39) : 0.8974392424945586
(0, 36) : 0.9086518066016336
(0, 37) : 0.9033356712309933
(0, 41) : 0.8928641020333848
(0, 40) : 0.9532119234037142
(0, 43) : 0.8890598636704614
(0, 35) : 0.9436233890312418
(0, 47) : 0.8090630700127837
(0, 42) : 0.9445852859299863
(0, 44) : 0.9496678999298852
(0, 51) : 0.8512082281551717
(0, 71) : -1
(0, 55) : 0.821613281516293
(0, 73) : -1
(0, 56) : 0.8492012263312225
(0, 57) : 0.9408242014113859
(0, 29) : 0.9562317244370009
(0, 59) : 0.8147493261430991
(0, 49) : 0.9620269390649823
(0, 79) : -1
(0, 58) : 0.8970408225030887
(0, 60) : 0.9658608495092358
(0, 62) : 0.8884112073553299
(0, 52) : 0.9678788125058982
(0, 63) : 0.9059030875957726
(0, 64) : 0.8512382061098489
(0, 66) : 0.8810909261445226
(0, 61) : 0.9492029290624551
(0, 67) : 0.9076758595580305
(0, 68) : 0.8996031397006989
(0, 65) : 0.9179585046520605
(0, 72) : 0.9069102225582465
(0, 70) : 0.8980717632649682
(0, 75) : 0.8559288957625845
(0, 74) : 0.9049740700053893
(0, 76) : 0.9607759597217511
(0, 78) : 0.9028769106719703
(0, 80) : 0.8883805306975645
(0, 77) : 0.8987950658463404
(0, 69) : 0.9610127120362263
(0, 85) : 0.8091321563274875
(0, 84) : 0.8974164614214708
(0, 81) : 0.9344877185164241
(0, 86) : 0.8702323777693268
(0, 104) : -1
(0, 105) : -1
(0, 106) : -1
(0, 107) : -1
(0, 108) : -1
(0, 109) : -1
(0, 82) : 0.9086829419920239
(0, 88) : 0.9131425217342047
(0, 87) : 0.8923531477520309
(0, 90) : 0.9280443724910109
(0, 83) : 0.957620449670989
(0, 91) : 0.9153571127755411
(0, 92) : 0.7125588930493296
(0, 98) : 0.8948661228607103
(0, 97) : 0.8904539965650491
========saver当前记录在案的总槽位: 100 , 其中saver共有槽位67528个========
(0, 96) : 0.8883774473788757
(0, 100) : 0.9103732159657529
(0, 103) : 0.897830562846985
(0, 101) : 0.9593406530161803
(0, 123) : -1
(0, 95) : 0.9248834912066833
(0, 111) : 0.9096762175212569
(0, 126) : -1
(0, 113) : 0.9151848564446823
(0, 102) : 0.9423250689951739
(0, 112) : 0.9198920537158979
(0, 110) : 0.9633708869093149
(0, 89) : 0.9633536521425682
(0, 99) : 0.969520030122355
(0, 114) : 0.9078970213530139
(0, 115) : 0.8984338704159082
(0, 94) : 0.9313307140557536
(0, 136) : -1
(0, 137) : -1
(0, 116) : 0.8852270006316825
(0, 139) : -1
(0, 93) : 0.9549042182369627
(0, 117) : 0.8643796506810396
(0, 119) : 0.9466390598641827
(0, 120) : 0.8703375427459784
(0, 144) : -1
(0, 118) : 0.9156763885650374
(0, 146) : -1
(0, 121) : 0.8791703932614949
(0, 125) : 0.9151868074895148
(0, 149) : -1
(0, 122) : 0.9052617284217421
(0, 151) : -1
(0, 127) : 0.9042202950599801
(0, 129) : 0.8818233763354074
(0, 124) : 0.9343229949700593
(0, 132) : 0.806900760589838
(0, 128) : 0.9062672289869264
(0, 140) : 0.8464135160885673
(0, 130) : 0.8779926725362066
(0, 135) : 0.8608762694591349
(0, 134) : 0.9539149142445889
(0, 133) : 0.9556003659910252
(0, 138) : 0.9008157284389049
(0, 131) : 0.9699166048444007
(0, 142) : 0.8885648643547692
(0, 148) : 0.759399097854178
(0, 141) : 0.8965200853979962
(0, 167) : -1
(0, 145) : 0.9004570042899951
(0, 147) : 0.9562916062323046
(0, 143) : 0.9419345784921256
(0, 150) : 0.9420422186224287
(0, 172) : -1
(0, 152) : 0.8860340933832754
(0, 155) : 0.8896025508626084
(0, 154) : 0.865699075422717
(0, 153) : 0.914521425847151
(0, 160) : 0.8209294634648728
(0, 156) : 0.9027270426190341
(0, 158) : 0.9506691961289263
(0, 159) : 0.8951585666479159
(0, 181) : -1
(0, 162) : 0.8866310675809863
(0, 183) : -1
(0, 161) : 0.9061447756373879
(0, 163) : 0.9241372179962078
(0, 164) : 0.9622271529782851
(0, 165) : 0.8985992449112502
(0, 157) : 0.9224218568352396
(0, 169) : 0.8420657614595903
(0, 170) : 0.8941793857723269
(0, 174) : 0.8595933229102642
(0, 173) : 0.9169806683045032
(0, 171) : 0.8687286360020133
(0, 194) : -1
(0, 168) : 0.9526289315834099
(0, 196) : -1
(0, 166) : 0.9520589775678039
(0, 175) : 0.8891671873964979
(0, 199) : -1
(0, 176) : 0.9162558550382262
(0, 177) : 0.9351064397557792
(0, 185) : 0.9317650430559555
(0, 203) : -1
(0, 180) : 0.9508099294796235
(0, 178) : 0.930740442262703
(0, 186) : 0.8912769357618033
(0, 190) : 0.8255714932196052
(0, 187) : 0.9423007157611456
(0, 182) : 0.9575051373082516
(0, 184) : 0.9557967057645811
(0, 191) : 0.9386384169322625
(0, 188) : 0.9295013794569663
(0, 179) : 0.9184353139574528
(0, 193) : 0.8214877069629406
(0, 192) : 0.9158469797251775
(0, 216) : -1
(0, 198) : 0.9024215257638595
(0, 197) : 0.8272625090551182
========saver当前记录在案的总槽位: 200 , 其中saver共有槽位67528个========
(0, 200) : 0.9096110104183244
(0, 189) : 0.9547744322977546
(0, 195) : 0.9528460218547807
(0, 201) : 0.95254124984019
(0, 223) : -1
(0, 204) : 0.9229415249806714
(0, 225) : -1
(0, 205) : 0.9077636387993961
(0, 206) : 0.85523976966514
(0, 202) : 0.9245117560379857
(0, 229) : -1
(0, 207) : 0.8926280064170338
(0, 208) : 0.8621362288764014
(0, 209) : 0.9253638719671091
(0, 212) : 0.7078534056664071
(0, 210) : 0.8949337207351666
(0, 214) : 0.8708459849876269
(0, 236) : -1
(0, 211) : 0.8918334482910822
(0, 213) : 0.8897544102323022
(0, 218) : 0.8453372739739232
(0, 217) : 0.869439812330012
(0, 215) : 0.9193981089504544
(0, 219) : 0.8571772753048029
(0, 220) : 0.8869191470333879
(0, 244) : -1
(0, 227) : 0.8927284646015886
(0, 246) : -1
(0, 247) : -1
(0, 222) : 0.9354823926682967
(0, 249) : -1
(0, 250) : -1
(0, 231) : 0.9028172223100277
(0, 228) : 0.8685195671387939
(0, 232) : 0.9162674617681942
(0, 254) : -1
(0, 226) : 0.9337691659674344
(0, 224) : 0.953882081779076
(0, 239) : 0.9259309803166162
(0, 238) : 0.9162921672525453
(0, 234) : 0.9320485696784165
(0, 240) : 0.9413407505254926
(0, 242) : 0.8997550311513067
(0, 221) : 0.9536399434301546
(0, 241) : 0.9152670085752012
(0, 230) : 0.966131372410399
(0, 233) : 0.9248834912066833
(0, 245) : 0.9021541295305394
(0, 243) : 0.9233608767937622
(0, 235) : 0.9620656673696777
(0, 252) : 0.8498679104005517
(0, 248) : 0.8686295099792642
(0, 253) : 0.8815173602380816
(0, 251) : 0.9291139196534206
(0, 255) : 0.9090761698101151
(0, 237) : 0.9454050253407308
(0, 275) : -1
(0, 257) : 0.8781206605773334
(0, 256) : 0.955990627184568
(0, 278) : -1
(0, 279) : -1
(0, 261) : 0.8899598800772714
(0, 258) : 0.9515304113094714
(0, 260) : 0.951988365250657
(0, 262) : 0.9024660177919759
(0, 264) : 0.9360832734486775
(0, 265) : 0.8731649733967105
(0, 269) : 0.9440317027371484
(0, 287) : -1
(0, 288) : -1
(0, 289) : -1
(0, 290) : -1
(0, 291) : -1
(0, 292) : -1
(0, 293) : -1
(0, 294) : -1
(0, 295) : -1
(0, 296) : -1
(0, 297) : -1
(0, 298) : -1
(0, 299) : -1
(0, 263) : 0.9395315518561874
(0, 267) : 0.9100418402848142
(0, 259) : 0.9468965861944834
(0, 268) : 0.8775408895575574
(0, 266) : 0.9236965567652511
(0, 274) : 0.9301624521655559
(0, 270) : 0.9477565134365493
(0, 272) : 0.9382011062639042
(0, 276) : 0.8964060512482912
(0, 271) : 0.8573298136738916
(0, 283) : 0.8753496217526939
(0, 281) : 0.9302187404480283
(0, 277) : 0.9291517196260686
(0, 282) : 0.9102495711687418
(0, 280) : 0.9248076336174818
(0, 284) : 0.8435131953023313
(0, 316) : -1
(0, 273) : 0.9711772513855819
(0, 286) : 0.9216620729586829
========saver当前记录在案的总槽位: 300 , 其中saver共有槽位67528个========
(0, 300) : 0.8301592552557561
(0, 320) : -1
(0, 321) : -1
(0, 285) : 0.8958358304672805
(0, 302) : 0.9006756949958157
(0, 324) : -1
(0, 303) : 0.8726868872628479
(0, 305) : 0.8737816529872158
(0, 327) : -1
(0, 306) : 0.8611917082330336
(0, 307) : 0.8435131930671711
(0, 309) : 0.8839338846038534
(0, 304) : 0.9576683503605485
(0, 310) : 0.9158315685761483
(0, 311) : 0.8625147001170557
(0, 312) : 0.91510277837793
(0, 301) : 0.9521106122153495
(0, 315) : 0.9563124169959947
(0, 314) : 0.9348786723428741
(0, 317) : 0.8975717691516336
(0, 318) : 0.9025582602101201
(0, 322) : 0.8986644357545298
(0, 341) : -1
(0, 319) : 0.9608267010598965
(0, 325) : 0.9245359416776989
(0, 326) : 0.9434137314042268
(0, 328) : 0.9543591493104033
(0, 308) : 0.9647320839081293
(0, 313) : 0.7561311229359491
(0, 323) : 0.9484158372309738
(0, 331) : 0.9046991862873385
(0, 350) : -1
(0, 330) : 0.9101867593679146
(0, 333) : 0.9196167496171052
(0, 329) : 0.9468048150144092
(0, 354) : -1
(0, 336) : 0.8995638759038054
(0, 337) : 0.9252543152229322
(0, 338) : 0.8991454682764537
(0, 358) : -1
(0, 334) : 0.9141719816995473
(0, 332) : 0.9371191646989251
(0, 339) : 0.925026006269923
(0, 340) : 0.9123522833212184
(0, 335) : 0.9470460854972751
(0, 342) : 0.9122213493168145
(0, 343) : 0.9444552608891882
(0, 366) : -1
(0, 344) : 0.8957297795152788
(0, 345) : 0.887239768643298
(0, 347) : 0.861544408415624
(1, 4) : -1
(0, 348) : 0.87553749803793
(1, 6) : -1
(0, 346) : 0.9104531110336997
(0, 352) : 0.9078537993045139
(0, 349) : 0.9466824381684096
(0, 353) : 0.9216467890761136
(1, 11) : -1
(0, 351) : 0.9499846604447256
(0, 355) : 0.8877489409049004
(0, 356) : 0.8851410369188515
(1, 3) : 0.9075473590972558
(0, 357) : 0.8768158908009722
(0, 359) : 0.9310880197760057
(1, 7) : 0.9171037876293413
(1, 8) : 0.9454743022199417
(0, 360) : 0.9400196712387368
(0, 361) : 0.9480902680635304
(1, 2) : 0.9510570646664925
(1, 23) : -1
(1, 12) : 0.8721289960924912
(0, 364) : 0.903409392204625
(0, 367) : 0.9256807713315922
(0, 365) : 0.8975717691516336
(1, 5) : 0.9496963478419341
(1, 9) : 0.9137248170639821
(1, 14) : 0.9077105798786036
(0, 362) : 0.9509170845245197
(0, 363) : 0.9445500016992329
(1, 17) : 0.8592978137771446
(1, 13) : 0.9436590217905702
(1, 10) : 0.9290070924508727
(1, 24) : 0.8872952078013623
(1, 18) : 0.9286700171221449
(1, 38) : -1
(1, 28) : 0.9019283405131701
(1, 27) : 0.9123504421566709
(1, 25) : 0.9425707944445427
(1, 32) : 0.8562474892878866
(1, 16) : 0.9255345987618634
(1, 19) : 0.9393360905436863
(1, 45) : -1
(1, 46) : -1
(1, 26) : 0.9227356682363788
(1, 48) : -1
(1, 33) : 0.8450525520655804
(1, 50) : -1
(1, 21) : 0.9315354383086522
(1, 22) : 0.9574699498583914
========saver当前记录在案的总槽位: 400 , 其中saver共有槽位67528个========
(1, 53) : -1
(1, 54) : -1
(1, 31) : 0.892851459008255
(1, 34) : 0.8970258978704357
(1, 20) : 0.9517300506235391
(1, 30) : 0.9131801859969422
(1, 36) : 0.9081448258269804
(1, 37) : 0.9091707381146643
(1, 39) : 0.9028973240370775
(1, 41) : 0.9091622897980559
(1, 15) : 0.9278203416171235
(1, 43) : 0.9000983308639602
(1, 51) : 0.8477441364837498
(1, 40) : 0.9483706229903878
(1, 47) : 0.8207363206376604
(1, 56) : 0.8638453333157381
(1, 57) : 0.9569025652291523
(1, 59) : 0.831255168203503
(1, 71) : -1
(1, 55) : 0.854904863368581
(1, 73) : -1
(1, 35) : 0.9243581970237006
(1, 58) : 0.9033535624118261
(1, 42) : 0.9262461485782736
(1, 49) : 0.9287773367873083
(1, 60) : 0.9559483886716256
(1, 79) : -1
(1, 64) : 0.8674701239943777
(1, 63) : 0.9060171456162164
(1, 62) : 0.8984461397320118
(1, 52) : 0.9713003354544465
(1, 44) : 0.931158230014542
(1, 29) : 0.9261279317133504
(1, 66) : 0.8846578734680655
(1, 68) : 0.9052093001542014
(1, 72) : 0.9191460045109957
(1, 67) : 0.9028818597555538
(1, 70) : 0.9055405692517
(1, 74) : 0.9110763158638996
(1, 61) : 0.939626421615385
(1, 75) : 0.873004894512925
(1, 65) : 0.9235740934428123
(1, 78) : 0.9057585113772018
(1, 76) : 0.937016142910925
(1, 80) : 0.8958737898458395
(1, 77) : 0.8880314054301787
(1, 85) : 0.8263587855351736
(1, 84) : 0.9043257352853015
(1, 86) : 0.898941912051721
(1, 87) : 0.9002055449820219
(1, 88) : 0.9146995447805595
(1, 104) : -1
(1, 105) : -1
(1, 106) : -1
(1, 107) : -1
(1, 108) : -1
(1, 109) : -1
(1, 90) : 0.9266098807302434
(1, 69) : 0.9307970539889814
(1, 82) : 0.9173705629277988
(1, 81) : 0.9254229205245614
(1, 91) : 0.9202660088931087
(1, 96) : 0.8647140094234544
(1, 92) : 0.8687612554485464
(1, 98) : 0.8972813497507137
(1, 97) : 0.8941020795606678
(1, 83) : 0.9423676681155659
(1, 100) : 0.9050301198521435
(1, 101) : 0.940812336283352
(1, 113) : 0.9364613530989824
(1, 123) : -1
(1, 114) : 0.9081437671429963
(1, 103) : 0.8953780069220294
(1, 126) : -1
(1, 95) : 0.9033097801680237
(1, 111) : 0.913203038583617
(1, 112) : 0.9240743902667753
(1, 115) : 0.9049323980561756
(1, 102) : 0.9187951059614836
(1, 110) : 0.949937345470381
(1, 116) : 0.8886853725873206
(1, 117) : 0.8823973514638207
(1, 99) : 0.9463232475598569
(1, 136) : -1
(1, 137) : -1
(1, 120) : 0.885915408145158
(1, 139) : -1
(1, 119) : 0.9439163341465132
(1, 121) : 0.8880120695216026
(1, 118) : 0.9194072457650362
(1, 94) : 0.9152386378488796
(1, 144) : -1
(1, 89) : 0.9285099824769468
(1, 146) : -1
(1, 122) : 0.899871853417675
(1, 125) : 0.9359708695799787
(1, 149) : -1
(1, 129) : 0.8821746544581945
(1, 151) : -1
(1, 127) : 0.8995675910940426
========saver当前记录在案的总槽位: 500 , 其中saver共有槽位67528个========
(1, 132) : 0.9137434479951796
(1, 93) : 0.924031092451888
(1, 124) : 0.9354670945187322
(1, 130) : 0.8687612554485464
(1, 128) : 0.9008540475435003
(1, 135) : 0.8720358331936046
(1, 133) : 0.9346200824342382
(1, 140) : 0.869492252313329
(1, 138) : 0.8953955844766138
(1, 134) : 0.9404668261510398
(1, 142) : 0.8763253304307894
(1, 141) : 0.9029934221612758
(1, 145) : 0.9016211675019047
(1, 148) : 0.7783541629819779
(1, 167) : -1
(1, 147) : 0.9476624661608066
(1, 131) : 0.956185676067888
(1, 150) : 0.9156740246326817
(1, 154) : 0.8693424342607059
(1, 172) : -1
(1, 143) : 0.9413568024104791
(1, 152) : 0.9166066346621097
(1, 153) : 0.9076986381674925
(1, 155) : 0.8967220868246292
(1, 160) : 0.8268608673333222
(1, 162) : 0.8889682453036152
(1, 158) : 0.9467186000693749
(1, 159) : 0.9044542001087557
(1, 181) : -1
(1, 156) : 0.9008035737806539
(1, 183) : -1
(1, 161) : 0.8891854302396215
(1, 164) : 0.9526955843326019
(1, 165) : 0.9007664318541895
(1, 163) : 0.9352586778779082
(1, 169) : 0.8539375148665563
(1, 170) : 0.8952456923421583
(1, 174) : 0.8829855226704164
(1, 175) : 0.9021918668771286
(1, 173) : 0.9147863712953956
(1, 157) : 0.8995201911648569
(1, 194) : -1
(1, 176) : 0.9152012150970006
(1, 196) : -1
(1, 171) : 0.8653842309163527
(1, 168) : 0.9290602078372305
(1, 199) : -1
(1, 166) : 0.9570264999560987
(1, 180) : 0.948599894850073
(1, 186) : 0.8961770914898101
(1, 203) : -1
(1, 185) : 0.932118566985084
(1, 177) : 0.9292151108694205
(1, 190) : 0.8231037913060478
(1, 178) : 0.9168226875746449
(1, 187) : 0.9419230951032008
(1, 188) : 0.9344681064798719
(1, 193) : 0.8363524413402651
(1, 197) : 0.837120685214729
(1, 192) : 0.9175694618835608
(1, 191) : 0.9138266071147665
(1, 198) : 0.9048812952261273
(1, 182) : 0.9408337136397318
(1, 216) : -1
(1, 184) : 0.9263365672997802
(1, 200) : 0.911187793716144
(1, 179) : 0.9103807822102672
(1, 201) : 0.9524789601928676
(1, 204) : 0.9336730732709502
(1, 206) : 0.858973326837397
(1, 223) : -1
(1, 205) : 0.9099008926090678
(1, 225) : -1
(1, 195) : 0.9410373718615008
(1, 208) : 0.8843255343259494
(1, 207) : 0.9037466559341826
(1, 229) : -1
(1, 189) : 0.9254913675043825
(1, 209) : 0.9063905638700887
(1, 202) : 0.9303743112073032
(1, 210) : 0.8987671405056353
(1, 212) : 0.7378334899778255
(1, 214) : 0.8873786405397169
(1, 236) : -1
(1, 218) : 0.8609273099305006
(1, 211) : 0.7328753076217106
(1, 217) : 0.876472388732015
(1, 215) : 0.9225927142975847
(1, 213) : 0.8958111480140262
(1, 219) : 0.8917112762912451
(1, 220) : 0.8735197862351185
(1, 244) : -1
(1, 227) : 0.8800367849779698
(1, 246) : -1
(1, 247) : -1
(1, 231) : 0.9023260719335637
(1, 249) : -1
(1, 250) : -1
(1, 222) : 0.9300471039031247
(1, 232) : 0.8988275489276868
========saver当前记录在案的总槽位: 600 , 其中saver共有槽位67528个========
(1, 228) : 0.8650061043471848
(1, 254) : -1
(1, 226) : 0.9193050430052055
(1, 239) : 0.9299769647150997
(1, 242) : 0.9274020540084786
(1, 238) : 0.9268071423546546
(1, 240) : 0.9382806315295767
(1, 224) : 0.9436296992304072
(1, 234) : 0.9392720136944129
(1, 241) : 0.926897747477715
(1, 245) : 0.903917062754129
(1, 233) : 0.9033097801680237
(1, 243) : 0.9303743112073032
(1, 252) : 0.8666491247028585
(1, 248) : 0.891161386332687
(1, 230) : 0.9255636207360436
(1, 253) : 0.8744814647419064
(1, 255) : 0.9300504767852052
(1, 235) : 0.9329501219746896
(1, 251) : 0.9380124577767528
(1, 221) : 0.9456345866575088
(1, 257) : 0.8826655682423937
(1, 275) : -1
(1, 261) : 0.9075605947429503
(1, 262) : 0.9277979568925787
(1, 278) : -1
(1, 279) : -1
(1, 256) : 0.9442519281111396
(1, 260) : 0.9504850494986574
(1, 258) : 0.9478154842660647
(1, 264) : 0.9276943637969834
(1, 265) : 0.8850053575592389
(1, 263) : 0.921560587251233
(1, 269) : 0.9384449907970509
(1, 287) : -1
(1, 288) : -1
(1, 289) : -1
(1, 290) : -1
(1, 291) : -1
(1, 292) : -1
(1, 293) : -1
(1, 294) : -1
(1, 295) : -1
(1, 296) : -1
(1, 297) : -1
(1, 298) : -1
(1, 299) : -1
(1, 267) : 0.9184747702296083
(1, 237) : 0.9267486032150044
(1, 276) : 0.8961749281845701
(1, 274) : 0.9232810160045981
(1, 272) : 0.9470584704928658
(1, 259) : 0.9145510568606366
(1, 268) : 0.8978549154951667
(1, 282) : 0.9048339674984133
(1, 277) : 0.9324075689252719
(1, 281) : 0.9438909772975779
(1, 270) : 0.9254986612237788
(1, 271) : 0.8640016768005657
(1, 280) : 0.9078604860842802
(1, 283) : 0.8789048601916575
(1, 266) : 0.9024460840204778
(1, 284) : 0.8530928386266812
(1, 316) : -1
(1, 286) : 0.917808972688342
(1, 300) : 0.8408159179392414
(1, 273) : 0.944829763627657
(1, 320) : -1
(1, 321) : -1
(1, 285) : 0.8564546354285744
(1, 302) : 0.9026278670360106
(1, 324) : -1
(1, 303) : 0.8961425319012635
(1, 305) : 0.8674850308965487
(1, 327) : -1
(1, 306) : 0.869605574264133
(1, 307) : 0.8530928386266812
(1, 311) : 0.8930618815783337
(1, 309) : 0.906403946841914
(1, 312) : 0.9028633674963726
(1, 310) : 0.9096825364559489
(1, 315) : 0.9493736535309578
(1, 304) : 0.940137993559961
(1, 317) : 0.9057453712193884
(1, 314) : 0.9216214455206853
(1, 318) : 0.8942850829759272
(1, 326) : 0.9471280652685551
(1, 319) : 0.9607707585762151
(1, 341) : -1
(1, 301) : 0.9217298474870207
(1, 325) : 0.9339418510490958
(1, 328) : 0.9372033859057071
(1, 322) : 0.9033017375869885
(1, 331) : 0.8987059757037714
(1, 330) : 0.9212326820261603
(1, 333) : 0.9458151255886769
(1, 336) : 0.9011265596712879
(1, 350) : -1
(1, 337) : 0.9334213968780953
(1, 323) : 0.9420559230305132
========saver当前记录在案的总槽位: 700 , 其中saver共有槽位67528个========
(1, 313) : 0.9332394230103508
(1, 354) : -1
(1, 338) : 0.9044898818161021
(1, 339) : 0.933934961581729
(1, 329) : 0.9271726474613692
(1, 358) : -1
(1, 308) : 0.9315284744189889
(1, 334) : 0.9227374679740319
(1, 332) : 0.9364471028951414
(1, 347) : 0.8747752934083995
(1, 348) : 0.8793285530720721
(1, 344) : 0.9059168073454891
(1, 343) : 0.9316303267567309
(1, 366) : -1
(1, 340) : 0.908098882262126
(1, 345) : 0.8915610830526801
(2, 4) : -1
(1, 342) : 0.9177082704716621
(2, 6) : -1
(1, 335) : 0.9222110547007165
(1, 356) : 0.9263020770800641
(1, 346) : 0.9242937497886778
(1, 355) : 0.8950653586238235
(2, 11) : -1
(1, 352) : 0.9169830260227232
(1, 353) : 0.9265081722953333
(1, 349) : 0.9286950593083165
(1, 357) : 0.8797882110372229
(1, 351) : 0.9268650596205446
(1, 359) : 0.9325567835631057
(1, 360) : 0.9309223104680565
(1, 361) : 0.9509563482633179
(1, 367) : 0.9238556679541777
(1, 364) : 0.9221634940484785
(1, 365) : 0.9057453712193884
(2, 23) : -1
(2, 3) : 0.9047641446922352
(1, 363) : 0.9219833334860077
(2, 7) : 0.9133444190290667
(1, 362) : 0.9287311802041803
(2, 8) : 0.9496613754824781
(2, 12) : 0.8394175342639887
(2, 5) : 0.9385926854296602
(2, 14) : 0.9170767771517793
(2, 9) : 0.9087829470480527
(2, 17) : 0.8266981109745546
(2, 13) : 0.9460971271352404
(2, 10) : 0.9399155485690056
(2, 24) : 0.9174035508077705
(2, 18) : 0.9371636003834225
(2, 38) : -1
(2, 16) : 0.9343497873055133
(2, 25) : 0.9073938306525056
(2, 19) : 0.9468168173031463
(2, 21) : 0.9472226642125946
(2, 22) : 0.954105915412881
(2, 27) : 0.903180754150342
(2, 45) : -1
(2, 46) : -1
(2, 28) : 0.9257510105292168
(2, 48) : -1
(2, 20) : 0.9771142254360569
(2, 50) : -1
(2, 26) : 0.9412143055649644
(2, 32) : 0.8578260140824673
(2, 53) : -1
(2, 54) : -1
(2, 33) : 0.8266131358894645
(2, 30) : 0.9088165474470569
(2, 31) : 0.9164743756361583
(2, 15) : 0.9442543128444569
(2, 34) : 0.9173715136278602
(2, 36) : 0.9025186511518752
(2, 37) : 0.9032948021755517
(2, 39) : 0.9214378026151872
(2, 41) : 0.8941489267380393
(2, 43) : 0.8909555917674874
(2, 47) : 0.8097430397025479
(2, 40) : 0.9522938389307499
(2, 51) : 0.8505722792137519
(2, 35) : 0.9418794278517659
(2, 29) : 0.9411466014486747
(2, 42) : 0.9364042405751497
(2, 71) : -1
(2, 55) : 0.8240523398209764
(2, 73) : -1
(2, 57) : 0.9474769714345562
(2, 49) : 0.9078501481467685
(2, 56) : 0.84281740503131
(2, 58) : 0.9205134971152787
(2, 59) : 0.8106731269053871
(2, 79) : -1
(2, 52) : 0.9602423133209205
(2, 44) : 0.9465643976903921
(2, 60) : 0.9576154265798283
(2, 62) : 0.9190082420760808
(2, 63) : 0.918819345702368
(2, 64) : 0.8657397457015991
(2, 67) : 0.9423881503820745
(2, 66) : 0.889581355795438
========saver当前记录在案的总槽位: 800 , 其中saver共有槽位67528个========
(2, 68) : 0.9116368815741936
(2, 70) : 0.9230810994076034
(2, 61) : 0.9316800984917706
(2, 75) : 0.8766786099756695
(2, 72) : 0.9201339319418894
(2, 65) : 0.9076132291243493
(2, 74) : 0.9214859014689193
(2, 80) : 0.910438257753006
(2, 78) : 0.9282679134224521
(2, 76) : 0.9508828851057631
(2, 77) : 0.9313237661107406
(2, 82) : 0.9072861572634503
(2, 69) : 0.9404597269390431
(2, 81) : 0.9193058209823641
(2, 85) : 0.8104734792614858
(2, 86) : 0.9157983458664912
(2, 104) : -1
(2, 105) : -1
(2, 106) : -1
(2, 107) : -1
(2, 108) : -1
(2, 109) : -1
(2, 84) : 0.9233609871173125
(2, 87) : 0.9230632508162371
(2, 88) : 0.9216792119712093
(2, 90) : 0.9420645778278234
(2, 83) : 0.9563996410263775
(2, 91) : 0.9369538399310884
(2, 92) : 0.9095666997905814
(2, 94) : 0.9248486779578755
(2, 96) : 0.8745299569554004
(2, 98) : 0.9222675388501214
(2, 97) : 0.8995207825832716
(2, 100) : 0.8987340733810693
(2, 95) : 0.9167737052342043
(2, 123) : -1
(2, 103) : 0.9241060368209009
(2, 111) : 0.9277628905150643
(2, 126) : -1
(2, 101) : 0.9662083464579502
(2, 99) : 0.9508408111366339
(2, 113) : 0.9038625698709511
(2, 110) : 0.9710530773082497
(2, 112) : 0.9161561975901891
(2, 102) : 0.9381184435841128
(2, 114) : 0.9306997856086405
(2, 115) : 0.9166199303047637
(2, 116) : 0.8990422843870362
(2, 136) : -1
(2, 137) : -1
(2, 89) : 0.9403626407299607
(2, 139) : -1
[2, 117] <Response [500]> <!DOCTYPE HTML PUBLIC "-//W3C//DTD HTML 3.2 Final//EN">
<title>500 Internal Server Error</title>
<h1>Internal Server Error</h1>
<p>The server encountered an internal error and was unable to complete your request. Either the server is overloaded or there is an error in the application.</p>

payload is:  {'text1': '（1）把点$B$的坐标代入直线解析式求出$m$的值，再把点$C$的坐标代入直线解析式即可得到$n$的值，然后利用待定系数法求二次函数解析式；<br>（2）令$y=0$求出点$A$的坐标，从而得到$OA$、$OB$的长度，利用勾股定理求出$AB$的长，然后根据两直线平行，内错角相等可得$\\angle ABO=\\angle DEF$，再解直角三角形用$DE$表示出$EF$、$DF$，根据矩形的周长公式表示出$p$，利用直线和抛物线的解析式表示$DE$的长，整理即可得到$p$与$t$的关系式，再利用二次函数的最值解答；<br>（3）根据旋转可得${A}_{1}{O}_{1}\\parallel y$轴，${B}_{1}{O}_{1}\\parallel x$轴，然后分①点${O}_{1}$、${B}_{1}$在抛物线上时，表示出两点的横坐标，再根据纵坐标相同列出方程求解即可；②点${A}_{1}$、${B}_{1}$在抛物线上时，表示出点${B}_{1}$的横坐标，再根据两点的纵坐标相差${A}_{1}{O}_{1}$的长度列出方程求解即可．', 'text2': '根据$\\sin\\alpha=\\frac{\\sqrt{3}}{2}$得出$\\alpha$的值，再根据余角的定义得出答案．'} 500 has happened, please wait......
(2, 120) : 0.8716233048994323
(2, 121) : 0.888614125794942
(2, 119) : 0.9618115628611067
(2, 118) : 0.8938347036633238
(2, 144) : -1
(2, 93) : 0.9406457787103017
(2, 146) : -1
(2, 122) : 0.9025320222955273
(2, 125) : 0.9064648139907021
(2, 149) : -1
(2, 127) : 0.9283105683779279
(2, 151) : -1
(2, 124) : 0.9237301571852824
(2, 129) : 0.9118022120589762
(2, 132) : 0.9307367634662447
(2, 128) : 0.9351538627043411
(2, 135) : 0.8794285721021057
(2, 130) : 0.9095666997905814
(2, 133) : 0.9384332715620992
(2, 134) : 0.9458083720135838
(2, 138) : 0.9308507981354142
(2, 140) : 0.860582193044413
(2, 142) : 0.8855112735031088
(2, 117) : 0.8739867632800595
(2, 131) : 0.9622550419713872
(2, 141) : 0.9289508375635853
(2, 147) : 0.9402117979676163
(2, 167) : -1
(2, 145) : 0.9197660114669083
(2, 143) : 0.9495674241922196
(2, 148) : 0.7506644950180048
(2, 152) : 0.8937314514160462
(2, 172) : -1
(2, 150) : 0.9142129391087767
(2, 154) : 0.8614489514496001
(2, 155) : 0.9049139566720441
(2, 153) : 0.9294353261419714
(2, 160) : 0.8254501159086014
(2, 156) : 0.929575493816104
(2, 162) : 0.8911607451355252
(2, 161) : 0.8891526197357624
(2, 181) : -1
(2, 158) : 0.9333528261259452
(2, 183) : -1
(2, 159) : 0.9035475003238926
(2, 165) : 0.9186289072120787
(2, 164) : 0.9423133620852068
(2, 169) : 0.8381456775165175
========saver当前记录在案的总槽位: 900 , 其中saver共有槽位67528个========
(2, 163) : 0.9330051965490445
(2, 170) : 0.9185741995448244
(2, 157) : 0.9240137359538021
(2, 173) : 0.9302565441597495
(2, 171) : 0.867446784927469
(2, 174) : 0.8681739911376506
(2, 194) : -1
(2, 168) : 0.9578757479443433
(2, 196) : -1
(2, 166) : 0.9294745463158869
(2, 175) : 0.8809392161269279
(2, 199) : -1
(2, 176) : 0.936256669370821
(2, 180) : 0.9447872973662326
(2, 185) : 0.9321125021768357
(2, 203) : -1
(2, 177) : 0.921915155924879
(2, 178) : 0.9342292103350811
(2, 187) : 0.9484697059897428
(2, 186) : 0.9175854028804474
(2, 179) : 0.9298755483144392
(2, 190) : 0.8238977168042505
(2, 188) : 0.8997468629087589
(2, 182) : 0.9353721953715377
(2, 193) : 0.8206774343115307
(2, 184) : 0.7005843740731578
(2, 191) : 0.9284322723827528
(2, 192) : 0.9190860508551257
(2, 216) : -1
(2, 197) : 0.832643531184693
(2, 198) : 0.8886517429200875
(2, 200) : 0.9239670268289841
(2, 195) : 0.940772799768134
(2, 189) : 0.9394890305841176
(2, 204) : 0.9174850219688995
(2, 223) : -1
(2, 201) : 0.9554799013130189
(2, 225) : -1
(2, 205) : 0.9268433121353803
(2, 206) : 0.8613500274378499
(2, 202) : 0.9144927541409946
(2, 229) : -1
(2, 207) : 0.9095419860861574
(2, 208) : 0.8691160241928285
(2, 212) : 0.7098263385710512
(2, 210) : 0.9234602624116797
(2, 209) : 0.914328118345762
(2, 214) : 0.877423536395341
(2, 236) : -1
(2, 213) : 0.8993373751878418
(2, 217) : 0.8773708573474989
(2, 211) : 0.9073537026700785
(2, 215) : 0.921847008974482
(2, 218) : 0.727612121119816
(2, 219) : 0.8663937979309106
(2, 220) : 0.868580936606753
(2, 244) : -1
(2, 222) : 0.947407142433284
(2, 246) : -1
(2, 247) : -1
(2, 227) : 0.885531829558089
(2, 249) : -1
(2, 250) : -1
(2, 231) : 0.8557545614901091
(2, 232) : 0.9185670426158297
(2, 226) : 0.9364099997588463
(2, 254) : -1
(2, 228) : 0.8657183420920507
(2, 224) : 0.9445482641774368
(2, 239) : 0.9178416490667776
(2, 238) : 0.8922313101485774
(2, 234) : 0.9050932113593287
(2, 240) : 0.9312566069823172
(2, 242) : 0.915882189371064
(2, 241) : 0.9180635410390772
(2, 245) : 0.9151647780575243
(2, 233) : 0.9167737052342043
(2, 221) : 0.9282261563823514
(2, 230) : 0.9427786898018851
(2, 243) : 0.9144927541409946
(2, 235) : 0.9428404817589194
(2, 252) : 0.8382987233365993
(2, 248) : 0.8329813073494707
(2, 255) : 0.8908392172972697
(2, 253) : 0.8594669139159125
(2, 251) : 0.9094773658245885
(2, 261) : 0.88789239096389
(2, 275) : -1
(2, 258) : 0.9741584972405505
(2, 257) : 0.8445140705201435
(2, 278) : -1
(2, 279) : -1
(2, 256) : 0.9228404488646632
(2, 260) : 0.968828447820415
(2, 237) : 0.9174117145305906
(2, 262) : 0.8840458402552236
(2, 265) : 0.8609031777628399
(2, 264) : 0.9279803446366871
(2, 267) : 0.8937825339537938
(2, 287) : -1
========saver当前记录在案的总槽位: 1000 , 其中saver共有槽位67528个========
(2, 288) : -1
(2, 289) : -1
(2, 290) : -1
(2, 291) : -1
(2, 292) : -1
(2, 293) : -1
(2, 294) : -1
(2, 295) : -1
(2, 296) : -1
(2, 297) : -1
(2, 298) : -1
(2, 299) : -1
(2, 263) : 0.9442181321573823
(2, 269) : 0.9340220567887704
(2, 268) : 0.852957984836349
(2, 259) : 0.9419232223116601
(2, 274) : 0.907621519201522
(2, 272) : 0.9251552271295516
(2, 270) : 0.9432299082143177
(2, 266) : 0.9159201485609731
(2, 276) : 0.8933843418924687
(2, 271) : 0.7958318268168905
(2, 281) : 0.9178586706819557
(2, 282) : 0.8926563508487204
(2, 277) : 0.9272357570444705
(2, 280) : 0.9183970878089542
(2, 284) : 0.8393940191114273
(2, 283) : 0.8712484634372638
(2, 316) : -1
(2, 286) : 0.9387892789835333
(2, 300) : 0.8164235830817301
(2, 273) : 0.956244217780623
(2, 320) : -1
(2, 321) : -1
(2, 285) : 0.8646337528169894
(2, 303) : 0.8829005250503801
(2, 324) : -1
(2, 302) : 0.8847743389133863
(2, 305) : 0.8678067758626884
(2, 327) : -1
(2, 307) : 0.8393940191114273
(2, 306) : 0.8550065556526821
(2, 309) : 0.8668487818196787
(2, 311) : 0.8687955099490126
(2, 304) : 0.9613642920565388
(2, 310) : 0.911909878904269
(2, 312) : 0.9044970860938522
(2, 315) : 0.9416260956649415
(2, 317) : 0.9091751702985199
(2, 314) : 0.9202778773710932
(2, 318) : 0.8929224991512036
(2, 301) : 0.9256302532601124
(2, 322) : 0.8589640767825045
(2, 341) : -1
(2, 319) : 0.9394267866563645
(2, 325) : 0.9240996634528728
(2, 326) : 0.9489770528126219
(2, 328) : 0.9561137498045896
(2, 323) : 0.9375092759561198
(2, 331) : 0.8204011159757632
(2, 330) : 0.8878528509358973
(2, 308) : 0.9429573022323835
(2, 350) : -1
(2, 313) : 0.9498057080168152
(2, 333) : 0.9095903753660785
(2, 336) : 0.911316911216843
(2, 354) : -1
(2, 334) : 0.8979738313219252
(2, 329) : 0.9378271735351205
(2, 337) : 0.9263148869340065
(2, 358) : -1
(2, 338) : 0.9145691211681732
(2, 339) : 0.9103449329698952
(2, 332) : 0.9079491389578622
(2, 340) : 0.9071670297562698
(2, 343) : 0.9362211217674452
(2, 344) : 0.8646025938825315
(2, 342) : 0.8980809542093161
(2, 366) : -1
(2, 335) : 0.925246677524
(3, 4) : -1
(2, 345) : 0.8943711591929773
(3, 6) : -1
(2, 346) : 0.9015694694994302
(2, 347) : 0.8566702737849898
(2, 348) : 0.854363272424055
(2, 352) : 0.9085808278464564
(3, 11) : -1
(2, 351) : 0.9172512586105237
(2, 349) : 0.9369104047355845
(2, 353) : 0.8840096601626835
(2, 355) : 0.8779027532894946
(2, 356) : 0.8830777992318074
(2, 359) : 0.921386114636621
(2, 357) : 0.8663998450559585
(3, 8) : 0.9198837786435787
(3, 7) : 0.9547082496839941
(2, 360) : 0.927851326631893
(2, 361) : 0.947281860210211
(3, 23) : -1
========saver当前记录在案的总槽位: 1100 , 其中saver共有槽位67528个========
(3, 12) : 0.885127098703049
(2, 364) : 0.8961722395458145
(2, 367) : 0.8865694812511243
(3, 9) : 0.911938475812266
(2, 365) : 0.9091751702985199
(3, 5) : 0.8756225015709982
(3, 14) : 0.9283229610684496
(2, 362) : 0.9575772557611718
(3, 17) : 0.8773326626125266
(2, 363) : 0.9336113025949218
(3, 10) : 0.8891828136551009
(3, 13) : 0.9164898789246674
(3, 24) : 0.8979536496303461
(3, 25) : 0.8768805611806677
(3, 38) : -1
(3, 18) : 0.8943536842070137
(3, 27) : 0.860524091288484
(3, 16) : 0.8873289447222048
(3, 28) : 0.9345214237066904
(3, 32) : 0.9016739864540342
(3, 19) : 0.908003597180413
(3, 45) : -1
(3, 46) : -1
(3, 34) : 0.9202636053577833
(3, 48) : -1
(3, 33) : 0.8828863797891773
(3, 50) : -1
(3, 26) : 0.9119388520414006
(3, 21) : 0.9082713285071076
(3, 53) : -1
(3, 54) : -1
(3, 30) : 0.9141122537964373
(3, 31) : 0.9078697170026165
(3, 22) : 0.8990712518740698
(3, 36) : 0.9180062042583121
(3, 37) : 0.9486593441051574
(3, 20) : 0.9038030229067667
(3, 39) : 0.9164794745805505
(3, 41) : 0.9522775349596047
(3, 43) : 0.9438008281666931
(3, 47) : 0.8845655244572083
(3, 51) : 0.9108933176662841
(3, 15) : 0.8913189445693509
(3, 40) : 0.907652417274087
(3, 55) : 0.8768377036870738
(3, 56) : 0.8908651168235829
(3, 57) : 0.9056565819008466
(3, 71) : -1
(3, 59) : 0.863126295981672
(3, 73) : -1
(3, 58) : 0.9237948317773301
(3, 42) : 0.8929141340176151
(3, 49) : 0.88425777180145
(3, 35) : 0.9077913381187468
(3, 60) : 0.9103266336400058
(3, 79) : -1
(3, 63) : 0.9106388853182452
(3, 62) : 0.9181031567016412
(3, 64) : 0.923738822663437
(3, 44) : 0.9074965345043344
(3, 52) : 0.8871056704121861
(3, 66) : 0.8916605931738832
(3, 67) : 0.9098845397154166
(3, 68) : 0.9370106561560538
(3, 72) : 0.9416244101460085
(3, 70) : 0.9171242404446815
(3, 29) : 0.8826835980006842
(3, 75) : 0.9399818557260381
(3, 61) : 0.9199838755281395
(3, 65) : 0.9089625859119512
(3, 74) : 0.9061179807205164
(3, 78) : 0.9190900051360229
(3, 80) : 0.9184162214014772
(3, 76) : 0.8958125906329358
(3, 77) : 0.8995278334038503
(3, 85) : 0.8935925679774084
(3, 84) : 0.9241600117224854
(3, 86) : 0.9130524539252509
(3, 82) : 0.9229923875564247
(3, 69) : 0.8839050110367056
(3, 104) : -1
(3, 105) : -1
(3, 106) : -1
(3, 107) : -1
(3, 108) : -1
(3, 109) : -1
(3, 90) : 0.8599623823271195
(3, 88) : 0.8974146962889105
(3, 81) : 0.8931080005159203
(3, 87) : 0.9090745590836946
(3, 91) : 0.919040010109663
(3, 96) : 0.7915347186856858
(3, 92) : 0.8807994561983943
(3, 98) : 0.9163656673638745
(3, 97) : 0.949283476921291
(3, 83) : 0.9168725761648397
(3, 100) : 0.8289995452054374
(3, 101) : 0.9230684650827408
(3, 113) : 0.9223000220924442
(3, 123) : -1
========saver当前记录在案的总槽位: 1200 , 其中saver共有槽位67528个========
(3, 95) : 0.8880883452533784
(3, 103) : 0.8997851905447035
(3, 126) : -1
(3, 114) : 0.9102773312511514
(3, 112) : 0.9487865460855837
(3, 111) : 0.9319512117601557
(3, 110) : 0.900631511056307
(3, 115) : 0.9229276705051478
(3, 102) : 0.882320499060004
(3, 116) : 0.9075911814058207
(3, 117) : 0.9375174266094315
(3, 120) : 0.9051322905106153
(3, 136) : -1
(3, 137) : -1
(3, 99) : 0.8993797871427668
(3, 139) : -1
(3, 119) : 0.90180986840917
(3, 121) : 0.9516294646327006
(3, 118) : 0.9207776060898968
(3, 89) : 0.8846565921625955
(3, 144) : -1
(3, 125) : 0.9160199998678462
(3, 146) : -1
(3, 127) : 0.9016650229807379
(3, 122) : 0.9252224348677325
(3, 149) : -1
(3, 94) : 0.907866751614123
(3, 151) : -1
(3, 129) : 0.912857812176529
(3, 132) : 0.9120174938349782
(3, 124) : 0.9012033566112517
(3, 135) : 0.8976176112917886
(3, 93) : 0.8831260718841442
(3, 140) : 0.8897202919989587
(3, 128) : 0.9112301047019092
(3, 130) : 0.8807994561983943
(3, 133) : 0.905165386526664
(3, 134) : 0.9020272544348845
(3, 138) : 0.9065483516188797
(3, 142) : 0.9304334220568529
(3, 141) : 0.8438889206122195
(3, 148) : 0.8310158881857326
(3, 145) : 0.9113291948770271
(3, 167) : -1
(3, 152) : 0.9090160163437573
(3, 147) : 0.9223363418689687
(3, 131) : 0.8962450543296536
(3, 143) : 0.9270237631327904
(3, 172) : -1
(3, 154) : 0.9146833452849289
(3, 153) : 0.9071969241248479
(3, 150) : 0.8954156969061324
(3, 155) : 0.9071731090043641
(3, 160) : 0.8809548661364196
(3, 162) : 0.9257927274664537
(3, 158) : 0.8924307689609532
(3, 159) : 0.9396205082787028
(3, 181) : -1
(3, 161) : 0.855045525880571
(3, 183) : -1
(3, 156) : 0.897587056863323
(3, 164) : 0.9083824821483287
(3, 169) : 0.88452756276818
(3, 165) : 0.9286322044886662
(3, 163) : 0.9470052775677423
(3, 170) : 0.9098931066609857
(3, 174) : 0.9478386125815634
(3, 173) : 0.906344608734782
(3, 175) : 0.906728111279951
(3, 157) : 0.8800181862405704
(3, 194) : -1
(3, 176) : 0.9150258497176422
(3, 196) : -1
(3, 171) : 0.8091302385750053
(3, 168) : 0.9060095451503191
(3, 199) : -1
(3, 180) : 0.9325829286574706
(3, 166) : 0.8641921541233882
(3, 185) : 0.9268174241326071
(3, 203) : -1
(3, 186) : 0.8923848146588553
(3, 190) : 0.9130890744735243
(3, 177) : 0.8751585079530282
(3, 178) : 0.9061187078737721
(3, 187) : 0.9240500606117038
(3, 193) : 0.8914002901792278
(3, 197) : 0.8966270442135409
(3, 192) : 0.8381967993884939
(3, 188) : 0.9225208267474659
(3, 191) : 0.8889114032008149
(3, 198) : 0.9118330123623943
(3, 182) : 0.9059516440037413
(3, 216) : -1
(3, 184) : 0.8780936004180312
(3, 179) : 0.9144780457771563
(3, 200) : 0.9183184933938224
(3, 204) : 0.904534303000095
(3, 201) : 0.9238268582096741
(3, 205) : 0.9204316546118758
(3, 223) : -1
========saver当前记录在案的总槽位: 1300 , 其中saver共有槽位67528个========
(3, 206) : 0.9161861499378319
(3, 225) : -1
(3, 208) : 0.9269668649180671
(3, 207) : 0.9315408918979082
(3, 202) : 0.9421061884282946
(3, 229) : -1
(3, 195) : 0.9235215587125238
(3, 189) : 0.8826762760179487
(3, 209) : 0.9213890264511396
(3, 212) : 0.7611426935489392
(3, 214) : 0.9370085640734125
(3, 210) : 0.9180875166938736
(3, 236) : -1
(3, 217) : 0.9144029762506944
(3, 213) : 0.8329152307945837
(3, 218) : 0.9127562705136101
(3, 211) : 0.9170045052497577
(3, 215) : 0.9360508574189518
(3, 219) : 0.8903902758185523
(3, 220) : 0.7979935682686496
(3, 244) : -1
(3, 227) : 0.8368269731759795
(3, 246) : -1
(3, 247) : -1
(3, 231) : 0.9074559340279638
(3, 249) : -1
(3, 250) : -1
(3, 232) : 0.9150242936075439
(3, 228) : 0.8086063062328794
(3, 222) : 0.9282449827723502
(3, 254) : -1
(3, 226) : 0.9009073984470031
(3, 239) : 0.9336358070211974
(3, 242) : 0.9322225425814906
(3, 234) : 0.9085125650814456
(3, 238) : 0.8992010787473572
(3, 240) : 0.9372678318293535
(3, 224) : 0.8916710635359507
(3, 245) : 0.8272086398450249
(3, 241) : 0.9278502426778343
(3, 243) : 0.9421061884282946
(3, 233) : 0.8880883452533784
(3, 252) : 0.8855917440650152
(3, 248) : 0.8746337588788606
(3, 255) : 0.9197948695016367
(3, 251) : 0.9063155736168247
(3, 253) : 0.8960840250759465
(3, 235) : 0.8728362657230533
(3, 257) : 0.880468609717781
(3, 230) : 0.881077576051113
(3, 261) : 0.9416950122667762
(3, 275) : -1
(3, 221) : 0.8912785010446923
(3, 258) : 0.9006908829244283
(3, 278) : -1
(3, 279) : -1
(3, 256) : 0.9038772397067119
(3, 260) : 0.9064111045041009
(3, 262) : 0.901611768658653
(3, 264) : 0.912343020267708
(3, 265) : 0.9058933417880969
(3, 263) : 0.9196820332425372
(3, 267) : 0.8995923195531774
(3, 287) : -1
(3, 288) : -1
(3, 289) : -1
(3, 290) : -1
(3, 291) : -1
(3, 292) : -1
(3, 293) : -1
(3, 294) : -1
(3, 295) : -1
(3, 296) : -1
(3, 297) : -1
(3, 298) : -1
(3, 299) : -1
(3, 269) : 0.9046330008030511
(3, 237) : 0.8680585135588427
(3, 274) : 0.8603530105724662
(3, 268) : 0.8832355511728556
(3, 276) : 0.8501800310386385
(3, 272) : 0.8920259559786412
(3, 259) : 0.8904506233107279
(3, 282) : 0.8593635346400881
(3, 283) : 0.7917113761730424
(3, 270) : 0.8836415408328796
(3, 280) : 0.8547292259633106
(3, 281) : 0.9334443714486836
(3, 277) : 0.937363974986758
(3, 266) : 0.8868467397223888
(3, 271) : 0.8063687821181809
(3, 284) : 0.9120716623291317
(3, 316) : -1
(3, 285) : 0.883726641291692
(3, 300) : 0.8895968950927625
(3, 286) : 0.8561909468333534
(3, 320) : -1
(3, 321) : -1
(3, 273) : 0.8909187482841134
(3, 303) : 0.9259702787226004
========saver当前记录在案的总槽位: 1400 , 其中saver共有槽位67528个========
(3, 324) : -1
(3, 302) : 0.8550703998675693
(3, 305) : 0.8116107627787602
(3, 327) : -1
(3, 306) : 0.8055325569777475
(3, 307) : 0.9120716623291317
(3, 309) : 0.8925091115432847
(3, 311) : 0.8878690201738977
(3, 312) : 0.8279714831359282
(3, 310) : 0.9254237978118282
(3, 315) : 0.9092496700525355
(3, 317) : 0.9613918933673471
(3, 304) : 0.8925373569543111
(3, 314) : 0.8623202542390915
(3, 318) : 0.8298534932319716
(3, 325) : 0.9425790770722201
(3, 326) : 0.8933047033204836
(3, 341) : -1
(3, 328) : 0.9064699905965781
(3, 322) : 0.8805229991843527
(3, 319) : 0.9167786484765577
(3, 331) : 0.8535605664230341
(3, 301) : 0.8530526428750851
(3, 333) : 0.9025613213089259
(3, 330) : 0.8985202075463788
(3, 337) : 0.9322472059479657
(3, 350) : -1
(3, 336) : 0.8330298997838972
(3, 338) : 0.9461468749502119
(3, 339) : 0.9187297222205344
(3, 354) : -1
(3, 323) : 0.8797072630471688
(3, 313) : 0.889602597393801
(3, 334) : 0.9069554627665
(3, 358) : -1
(3, 329) : 0.8950564853661543
(3, 332) : 0.8853902365699966
(3, 308) : 0.8858321499498234
(3, 343) : 0.9352777283157581
(3, 340) : 0.8478642178573015
(3, 345) : 0.9392511770772884
(3, 344) : 0.8833174953794596
(3, 366) : -1
(3, 348) : 0.9053459404192824
(4, 5) : -1
(4, 6) : -1
(4, 7) : -1
(4, 8) : -1
(4, 9) : -1
(4, 10) : -1
(4, 11) : -1
(4, 12) : -1
(4, 13) : -1
(4, 14) : -1
(4, 15) : -1
(4, 16) : -1
(4, 17) : -1
(4, 18) : -1
(4, 19) : -1
(4, 20) : -1
(4, 21) : -1
(4, 22) : -1
(4, 23) : -1
(4, 24) : -1
(4, 25) : -1
(4, 26) : -1
(4, 27) : -1
(4, 28) : -1
(4, 29) : -1
(4, 30) : -1
(4, 31) : -1
(4, 32) : -1
(4, 33) : -1
(4, 34) : -1
(4, 35) : -1
(4, 36) : -1
(4, 37) : -1
(4, 38) : -1
(4, 39) : -1
(4, 40) : -1
(4, 41) : -1
(4, 42) : -1
(4, 43) : -1
(4, 44) : -1
(4, 45) : -1
(4, 46) : -1
(4, 47) : -1
(4, 48) : -1
(4, 49) : -1
(4, 50) : -1
(4, 51) : -1
(4, 52) : -1
(4, 53) : -1
(4, 54) : -1
(4, 55) : -1
(4, 56) : -1
(4, 57) : -1
(4, 58) : -1
(4, 59) : -1
(4, 60) : -1
========saver当前记录在案的总槽位: 1500 , 其中saver共有槽位67528个========
(4, 61) : -1
(4, 62) : -1
(4, 63) : -1
(4, 64) : -1
(4, 65) : -1
(4, 66) : -1
(4, 67) : -1
(4, 68) : -1
(4, 69) : -1
(4, 70) : -1
(4, 71) : -1
(4, 72) : -1
(4, 73) : -1
(4, 74) : -1
(4, 75) : -1
(4, 76) : -1
(4, 77) : -1
(4, 78) : -1
(4, 79) : -1
(4, 80) : -1
(4, 81) : -1
(4, 82) : -1
(4, 83) : -1
(4, 84) : -1
(4, 85) : -1
(4, 86) : -1
(4, 87) : -1
(4, 88) : -1
(4, 89) : -1
(4, 90) : -1
(4, 91) : -1
(4, 92) : -1
(4, 93) : -1
(4, 94) : -1
(4, 95) : -1
(4, 96) : -1
(4, 97) : -1
(4, 98) : -1
(4, 99) : -1
(4, 100) : -1
(4, 101) : -1
(4, 102) : -1
(4, 103) : -1
(4, 104) : -1
(4, 105) : -1
(4, 106) : -1
(4, 107) : -1
(4, 108) : -1
(4, 109) : -1
(4, 110) : -1
(4, 111) : -1
(4, 112) : -1
(4, 113) : -1
(4, 114) : -1
(4, 115) : -1
(4, 116) : -1
(4, 117) : -1
(4, 118) : -1
(4, 119) : -1
(4, 120) : -1
(4, 121) : -1
(4, 122) : -1
(4, 123) : -1
(4, 124) : -1
(4, 125) : -1
(4, 126) : -1
(4, 127) : -1
(4, 128) : -1
(4, 129) : -1
(4, 130) : -1
(4, 131) : -1
(4, 132) : -1
(4, 133) : -1
(4, 134) : -1
(4, 135) : -1
(4, 136) : -1
(4, 137) : -1
(4, 138) : -1
(4, 139) : -1
(4, 140) : -1
(4, 141) : -1
(4, 142) : -1
(4, 143) : -1
(4, 144) : -1
(4, 145) : -1
(4, 146) : -1
(4, 147) : -1
(4, 148) : -1
(4, 149) : -1
(4, 150) : -1
(4, 151) : -1
(4, 152) : -1
(4, 153) : -1
(4, 154) : -1
(4, 155) : -1
(4, 156) : -1
(4, 157) : -1
(4, 158) : -1
(4, 159) : -1
(4, 160) : -1
========saver当前记录在案的总槽位: 1600 , 其中saver共有槽位67528个========
(4, 161) : -1
(4, 162) : -1
(4, 163) : -1
(4, 164) : -1
(4, 165) : -1
(4, 166) : -1
(4, 167) : -1
(4, 168) : -1
(4, 169) : -1
(4, 170) : -1
(4, 171) : -1
(4, 172) : -1
(4, 173) : -1
(4, 174) : -1
(4, 175) : -1
(4, 176) : -1
(4, 177) : -1
(4, 178) : -1
(4, 179) : -1
(4, 180) : -1
(4, 181) : -1
(4, 182) : -1
(4, 183) : -1
(4, 184) : -1
(4, 185) : -1
(4, 186) : -1
(4, 187) : -1
(4, 188) : -1
(4, 189) : -1
(4, 190) : -1
(4, 191) : -1
(4, 192) : -1
(4, 193) : -1
(4, 194) : -1
(4, 195) : -1
(4, 196) : -1
(4, 197) : -1
(4, 198) : -1
(4, 199) : -1
(4, 200) : -1
(4, 201) : -1
(4, 202) : -1
(4, 203) : -1
(4, 204) : -1
(4, 205) : -1
(4, 206) : -1
(4, 207) : -1
(4, 208) : -1
(4, 209) : -1
(4, 210) : -1
(4, 211) : -1
(4, 212) : -1
(4, 213) : -1
(4, 214) : -1
(4, 215) : -1
(4, 216) : -1
(4, 217) : -1
(4, 218) : -1
(4, 219) : -1
(4, 220) : -1
(4, 221) : -1
(4, 222) : -1
(4, 223) : -1
(4, 224) : -1
(4, 225) : -1
(4, 226) : -1
(4, 227) : -1
(4, 228) : -1
(4, 229) : -1
(4, 230) : -1
(4, 231) : -1
(4, 232) : -1
(4, 233) : -1
(4, 234) : -1
(4, 235) : -1
(4, 236) : -1
(4, 237) : -1
(4, 238) : -1
(4, 239) : -1
(4, 240) : -1
(4, 241) : -1
(4, 242) : -1
(4, 243) : -1
(4, 244) : -1
(4, 245) : -1
(4, 246) : -1
(4, 247) : -1
(4, 248) : -1
(4, 249) : -1
(4, 250) : -1
(4, 251) : -1
(4, 252) : -1
(4, 253) : -1
(4, 254) : -1
(4, 255) : -1
(4, 256) : -1
(4, 257) : -1
(4, 258) : -1
(4, 259) : -1
(4, 260) : -1
========saver当前记录在案的总槽位: 1700 , 其中saver共有槽位67528个========
(4, 261) : -1
(4, 262) : -1
(4, 263) : -1
(4, 264) : -1
(4, 265) : -1
(4, 266) : -1
(4, 267) : -1
(4, 268) : -1
(4, 269) : -1
(4, 270) : -1
(4, 271) : -1
(4, 272) : -1
(4, 273) : -1
(4, 274) : -1
(4, 275) : -1
(4, 276) : -1
(4, 277) : -1
(4, 278) : -1
(4, 279) : -1
(4, 280) : -1
(4, 281) : -1
(4, 282) : -1
(4, 283) : -1
(4, 284) : -1
(4, 285) : -1
(4, 286) : -1
(4, 287) : -1
(4, 288) : -1
(4, 289) : -1
(4, 290) : -1
(4, 291) : -1
(4, 292) : -1
(4, 293) : -1
(4, 294) : -1
(4, 295) : -1
(4, 296) : -1
(4, 297) : -1
(4, 298) : -1
(4, 299) : -1
(4, 300) : -1
(4, 301) : -1
(4, 302) : -1
(4, 303) : -1
(4, 304) : -1
(4, 305) : -1
(4, 306) : -1
(4, 307) : -1
(4, 308) : -1
(4, 309) : -1
(4, 310) : -1
(4, 311) : -1
(4, 312) : -1
(4, 313) : -1
(4, 314) : -1
(4, 315) : -1
(4, 316) : -1
(4, 317) : -1
(4, 318) : -1
(4, 319) : -1
(4, 320) : -1
(4, 321) : -1
(4, 322) : -1
(4, 323) : -1
(4, 324) : -1
(4, 325) : -1
(4, 326) : -1
(4, 327) : -1
(4, 328) : -1
(4, 329) : -1
(4, 330) : -1
(4, 331) : -1
(4, 332) : -1
(4, 333) : -1
(4, 334) : -1
(4, 335) : -1
(4, 336) : -1
(4, 337) : -1
(4, 338) : -1
(4, 339) : -1
(4, 340) : -1
(4, 341) : -1
(4, 342) : -1
(4, 343) : -1
(4, 344) : -1
(4, 345) : -1
(4, 346) : -1
(4, 347) : -1
(4, 348) : -1
(4, 349) : -1
(4, 350) : -1
(4, 351) : -1
(4, 352) : -1
(4, 353) : -1
(4, 354) : -1
(4, 355) : -1
(4, 356) : -1
(4, 357) : -1
(4, 358) : -1
(4, 359) : -1
(4, 360) : -1
========saver当前记录在案的总槽位: 1800 , 其中saver共有槽位67528个========
(4, 361) : -1
(4, 362) : -1
(4, 363) : -1
(4, 364) : -1
(4, 365) : -1
(4, 366) : -1
(4, 367) : -1
(5, 6) : -1
(3, 347) : 0.9149809689196695
(3, 342) : 0.873049294076319
(3, 346) : 0.9162294504370111
(3, 335) : 0.8663726352828287
(5, 11) : -1
(3, 353) : 0.8995395123865646
(3, 352) : 0.9626674967787473
(3, 355) : 0.818258552991886
(3, 356) : 0.9167348590369605
(3, 357) : 0.6885896894421272
(3, 349) : 0.9028369438011208
(3, 351) : 0.874981433231867
(3, 359) : 0.8846094494834673
(3, 367) : 0.9617884466038263
(3, 364) : 0.9143691405671406
(3, 365) : 0.9613918933673471
(5, 23) : -1
(3, 360) : 0.8809682795969607
(3, 361) : 0.9122126643854873
(3, 363) : 0.8787497349452101
(3, 362) : 0.92330491160221
(5, 8) : 0.9383707837213795
(5, 7) : 0.8916659762461794
(5, 12) : 0.833548949405842
(5, 9) : 0.9101200774132443
(5, 14) : 0.905351590148517
(5, 17) : 0.8172833143035214
(5, 25) : 0.9189598998369907
(5, 24) : 0.9023269073750836
(5, 10) : 0.941284676716842
(5, 13) : 0.9354970802715141
(5, 38) : -1
(5, 18) : 0.735228384401496
(5, 26) : 0.9332795803158112
(5, 16) : 0.9372298733499599
(5, 27) : 0.9210595273365457
(5, 28) : 0.9047631730679148
(5, 19) : 0.9388649332180476
(5, 45) : -1
(5, 46) : -1
(5, 21) : 0.9423375089273964
(5, 48) : -1
(5, 22) : 0.9554055682038197
(5, 50) : -1
(5, 20) : 0.9633862286818485
(5, 30) : 0.9093074939838116
(5, 53) : -1
(5, 54) : -1
(5, 32) : 0.8514052716210814
(5, 33) : 0.8202333794368339
(5, 31) : 0.7150852573585467
(5, 34) : 0.8990811972702332
(5, 15) : 0.9443969862907413
(5, 36) : 0.896880233641453
(5, 37) : 0.8841905311879183
(5, 39) : 0.912665381563059
(5, 41) : 0.8853593166909183
(5, 43) : 0.8791670352109492
(5, 47) : 0.8008291176125799
(5, 40) : 0.9450376544515675
(5, 51) : 0.8377296002373268
(5, 55) : 0.8334006765103097
(5, 35) : 0.9391643727174107
(5, 56) : 0.8406599489528723
(5, 71) : -1
(5, 42) : 0.9455378745044376
(5, 73) : -1
(5, 57) : 0.9335752982715568
(5, 49) : 0.9410244824362164
(5, 29) : 0.9391806261544868
(5, 58) : 0.9065740693459026
(5, 59) : 0.8026355283257256
(5, 79) : -1
(5, 44) : 0.9424004944409905
(5, 60) : 0.9423458291046773
(5, 52) : 0.956061986371483
(5, 63) : 0.9170320721258003
(5, 62) : 0.9023362656452519
(5, 64) : 0.856553528830831
(5, 66) : 0.8888329984761489
(5, 61) : 0.937984903495681
(5, 68) : 0.8961120496018548
(5, 67) : 0.9185155011475759
(5, 72) : 0.9055561775469536
(5, 70) : 0.9100347137451231
(5, 65) : 0.8941559587276252
(5, 75) : 0.8628448742390096
(5, 74) : 0.9141212488469115
(5, 78) : 0.9112375298260758
(5, 77) : 0.9123928957241353
(5, 76) : 0.9491896569814929
(5, 80) : 0.8941005167423488
========saver当前记录在案的总槽位: 1900 , 其中saver共有槽位67528个========
(5, 85) : 0.7974860519724369
(5, 69) : 0.9394100466373392
(5, 84) : 0.9072437253321679
(5, 81) : 0.9276613783192128
(5, 82) : 0.8938644612390827
(5, 104) : -1
(5, 105) : -1
(5, 106) : -1
(5, 107) : -1
(5, 108) : -1
(5, 109) : -1
(5, 86) : 0.9103153136242986
(5, 87) : 0.906316251794308
(5, 88) : 0.9108631687023894
(5, 90) : 0.9299488117140925
(5, 91) : 0.9220798372589158
(5, 83) : 0.9461064005072248
(5, 92) : 0.8862411055593089
(5, 96) : 0.8817614582085556
(5, 98) : 0.8974343628322138
(5, 97) : 0.881162712148792
(5, 100) : 0.9197092322489562
(5, 95) : 0.9216170977309324
(5, 101) : 0.944978125186111
(5, 123) : -1
(5, 103) : 0.9079176188450528
(5, 111) : 0.9096017116052628
(5, 126) : -1
(5, 112) : 0.8941936263532402
(5, 113) : 0.9103438607488844
(5, 102) : 0.9285364838027264
(5, 110) : 0.9556755218872612
(5, 114) : 0.917740700630858
(5, 99) : 0.9482208933413566
(5, 116) : 0.8955796013510853
(5, 89) : 0.9333210413865953
(5, 115) : 0.9102424227347851
(5, 136) : -1
(5, 137) : -1
(5, 94) : 0.9338796791108513
(5, 139) : -1
(5, 117) : 0.857692069761711
(5, 120) : 0.8602271894075448
(5, 119) : 0.9595977152920063
(5, 118) : 0.8868273147671705
(5, 144) : -1
(5, 121) : 0.8538522625428838
(5, 146) : -1
(5, 93) : 0.9375746908334575
(5, 125) : 0.9186215035259175
(5, 149) : -1
(5, 122) : 0.8931614698781835
(5, 151) : -1
(5, 127) : 0.9137089978227222
(5, 129) : 0.8905385379205536
(5, 124) : 0.9296230329655639
(5, 128) : 0.9080492362307525
(5, 132) : 0.9152450796637186
(5, 135) : 0.6632373754652461
(5, 140) : 0.85097044954501
(5, 133) : 0.939270025212736
(5, 130) : 0.8862411055593089
(5, 138) : 0.9065788319843845
(5, 134) : 0.931267671234714
(5, 142) : 0.8722720882974678
(5, 145) : 0.9146027682916754
(5, 131) : 0.9704455396774461
(5, 141) : 0.9057275596385519
(5, 167) : -1
(5, 147) : 0.9299449244328153
(5, 148) : 0.7563318118662046
(5, 143) : 0.9538096363772071
(5, 152) : 0.9007106625093226
(5, 172) : -1
(5, 154) : 0.8495635838895819
(5, 155) : 0.8917971014684114
(5, 150) : 0.9058625957572565
(5, 153) : 0.9247588240143212
(5, 160) : 0.8179032884625443
(5, 158) : 0.946588770514601
(5, 156) : 0.9100864637437239
(5, 162) : 0.8742898882462573
(5, 181) : -1
(5, 159) : 0.8808254716151058
(5, 183) : -1
(5, 161) : 0.9175043511236952
(5, 164) : 0.9379569693857212
(5, 163) : 0.9157696631720786
(5, 165) : 0.9048853240516029
(5, 169) : 0.8438047970906464
(5, 157) : 0.9190612903129954
(5, 170) : 0.9029796599926639
(5, 168) : 0.9463208515070882
(5, 166) : 0.939833140923078
(5, 174) : 0.8527417952542465
(5, 194) : -1
(5, 171) : 0.8805006663526213
(5, 196) : -1
(5, 173) : 0.9192008622881793
(5, 175) : 0.8847543383789822
========saver当前记录在案的总槽位: 2000 , 其中saver共有槽位67528个========
(5, 199) : -1
(5, 176) : 0.9264304853381263
(5, 180) : 0.9316851758594624
(5, 177) : 0.928230240416827
(5, 203) : -1
(5, 185) : 0.9115029281219011
(5, 186) : 0.9019597782982971
(5, 187) : 0.9355080437067083
(5, 178) : 0.9377579579691824
(5, 190) : 0.8064390585381089
(5, 182) : 0.9368412122444956
(5, 188) : 0.9090321956584856
(5, 184) : 0.9443660073130883
(5, 191) : 0.9464015714323513
(5, 179) : 0.9189381163473358
(5, 193) : 0.8124307777545885
(5, 197) : 0.8285405203469283
(5, 216) : -1
(5, 192) : 0.9323527225570674
(5, 198) : 0.8801821539055203
(5, 200) : 0.9192573125792954
(5, 189) : 0.9355610774869696
(5, 195) : 0.9374025536458117
(5, 201) : 0.9511300528747372
(5, 223) : -1
(5, 204) : 0.9224882792315787
(5, 225) : -1
(5, 205) : 0.9134732208777425
(5, 206) : 0.855883841240566
(5, 208) : 0.8667684028663882
(5, 229) : -1
(5, 207) : 0.8982302138174415
(5, 202) : 0.9047899623332231
(5, 210) : 0.9061687227426162
(5, 209) : 0.8975432726558187
(5, 212) : 0.7155750218537451
(5, 214) : 0.8684144276589223
(5, 236) : -1
(5, 211) : 0.9009469382658093
(5, 213) : 0.913273682552388
(5, 217) : 0.8667563347364098
(5, 218) : 0.8461335257547765
(5, 219) : 0.8558782938065779
(5, 215) : 0.9115018941901859
(5, 220) : 0.8936643902099595
(5, 244) : -1
(5, 227) : 0.8980461162644435
(5, 246) : -1
(5, 247) : -1
(5, 222) : 0.9342214701728727
(5, 249) : -1
(5, 250) : -1
(5, 231) : 0.9101726022164337
(5, 228) : 0.8796532394207237
(5, 226) : 0.9370137353421557
(5, 254) : -1
(5, 232) : 0.9098071862646813
(5, 224) : 0.9612965302735117
(5, 242) : 0.9040990112310017
(5, 234) : 0.8981093573818133
(5, 239) : 0.8940845376033105
(5, 238) : 0.9066360589005799
(5, 240) : 0.9218056243401529
(5, 221) : 0.9401094964819884
(5, 241) : 0.7099921770663216
(5, 233) : 0.9216170977309324
(5, 245) : 0.9283562089995093
(5, 243) : 0.9047899623332231
(5, 230) : 0.9320726315896545
(5, 235) : 0.9446668331609582
(5, 255) : 0.8943818359726732
(5, 248) : 0.8390924699155835
(5, 252) : 0.8231780885177624
(5, 251) : 0.9097512955698939
(5, 253) : 0.8405974052010043
(5, 261) : 0.8711075546859236
(5, 275) : -1
(5, 256) : 0.917020602650946
(5, 257) : 0.8457148957492799
(5, 278) : -1
(5, 279) : -1
(5, 258) : 0.94526396596544
(5, 260) : 0.9506819350316016
(5, 262) : 0.9009853528195532
(5, 237) : 0.9353022091397355
(5, 265) : 0.8666694141959678
(5, 264) : 0.9305733361909259
(5, 263) : 0.9302053780890297
(5, 287) : -1
(5, 288) : -1
(5, 289) : -1
(5, 290) : -1
(5, 291) : -1
(5, 292) : -1
(5, 293) : -1
(5, 294) : -1
(5, 295) : -1
(5, 296) : -1
(5, 297) : -1
(5, 298) : -1
========saver当前记录在案的总槽位: 2100 , 其中saver共有槽位67528个========
(5, 299) : -1
(5, 267) : 0.8776343349230249
(5, 269) : 0.933601817165229
(5, 268) : 0.8592543121156693
(5, 259) : 0.9243741631752539
(5, 272) : 0.9314592703002
(5, 274) : 0.9127898344227584
(5, 266) : 0.9217030935967999
(5, 276) : 0.8919489178047072
(5, 270) : 0.9425991669430284
(5, 271) : 0.8369267765837052
(5, 280) : 0.9161949329897323
(5, 282) : 0.9070639868586177
(5, 277) : 0.7194407930125523
(5, 283) : 0.8857406296736363
(5, 281) : 0.9236620777095594
(5, 284) : 0.8274796827231323
(5, 316) : -1
(5, 273) : 0.9474163279587442
(5, 286) : 0.9214373276024912
(5, 300) : 0.8023540725246383
(5, 320) : -1
(5, 321) : -1
(5, 285) : 0.8654156723991719
(5, 302) : 0.8681015272886068
(5, 324) : -1
(5, 303) : 0.8779600193225547
(5, 305) : 0.8822532214010903
(5, 327) : -1
(5, 306) : 0.8727393146157612
(5, 307) : 0.8274796827231323
(5, 309) : 0.8803151032526353
(5, 304) : 0.9523699508342407
(5, 311) : 0.8819166813157482
(5, 310) : 0.8939023535071589
(5, 312) : 0.91515080353836
(5, 315) : 0.9430679229867492
(5, 314) : 0.9214363924365291
(5, 301) : 0.9367106959643079
(5, 317) : 0.8855564711471816
(5, 318) : 0.9035717011119279
(5, 322) : 0.870651005375291
(5, 341) : -1
(5, 319) : 0.9304790683883544
(5, 325) : 0.915004024694543
(5, 326) : 0.9492558205682676
(5, 328) : 0.9444222206414189
(5, 308) : 0.945622260991682
(5, 330) : 0.8982811921290506
(5, 323) : 0.9454755542493218
(5, 331) : 0.9013605849304857
(5, 350) : -1
(5, 313) : 0.940924346303391
(5, 333) : 0.9206676928209784
(5, 329) : 0.9453134116316991
(5, 354) : -1
(5, 336) : 0.9063283833512501
(5, 337) : 0.9192507331854309
(5, 334) : 0.8960781596665629
(5, 358) : -1
(5, 339) : 0.90947428614643
(5, 338) : 0.8961089061083926
(5, 332) : 0.9202922905239133
(5, 340) : 0.9275497149362244
(5, 335) : 0.9422524889352575
(5, 343) : 0.9270476836147338
(5, 342) : 0.9014508398504342
(5, 366) : -1
(5, 344) : 0.8652289180084054
(6, 7) : -1
(6, 8) : -1
(6, 9) : -1
(6, 10) : -1
(6, 11) : -1
(6, 12) : -1
(6, 13) : -1
(6, 14) : -1
(6, 15) : -1
(6, 16) : -1
(6, 17) : -1
(6, 18) : -1
(6, 19) : -1
(6, 20) : -1
(6, 21) : -1
(6, 22) : -1
(6, 23) : -1
(6, 24) : -1
(6, 25) : -1
(6, 26) : -1
(6, 27) : -1
(6, 28) : -1
(6, 29) : -1
(6, 30) : -1
(6, 31) : -1
(6, 32) : -1
(6, 33) : -1
(6, 34) : -1
(6, 35) : -1
(6, 36) : -1
(6, 37) : -1
========saver当前记录在案的总槽位: 2200 , 其中saver共有槽位67528个========
(6, 38) : -1
(6, 39) : -1
(6, 40) : -1
(6, 41) : -1
(6, 42) : -1
(6, 43) : -1
(6, 44) : -1
(6, 45) : -1
(6, 46) : -1
(6, 47) : -1
(6, 48) : -1
(6, 49) : -1
(6, 50) : -1
(6, 51) : -1
(6, 52) : -1
(6, 53) : -1
(6, 54) : -1
(6, 55) : -1
(6, 56) : -1
(6, 57) : -1
(6, 58) : -1
(6, 59) : -1
(6, 60) : -1
(6, 61) : -1
(6, 62) : -1
(6, 63) : -1
(6, 64) : -1
(6, 65) : -1
(6, 66) : -1
(6, 67) : -1
(6, 68) : -1
(6, 69) : -1
(6, 70) : -1
(6, 71) : -1
(6, 72) : -1
(6, 73) : -1
(6, 74) : -1
(6, 75) : -1
(6, 76) : -1
(6, 77) : -1
(6, 78) : -1
(6, 79) : -1
(6, 80) : -1
(6, 81) : -1
(6, 82) : -1
(6, 83) : -1
(6, 84) : -1
(6, 85) : -1
(6, 86) : -1
(6, 87) : -1
(6, 88) : -1
(6, 89) : -1
(6, 90) : -1
(6, 91) : -1
(6, 92) : -1
(6, 93) : -1
(6, 94) : -1
(6, 95) : -1
(6, 96) : -1
(6, 97) : -1
(6, 98) : -1
(6, 99) : -1
(6, 100) : -1
(6, 101) : -1
(6, 102) : -1
(6, 103) : -1
(6, 104) : -1
(6, 105) : -1
(6, 106) : -1
(6, 107) : -1
(6, 108) : -1
(6, 109) : -1
(6, 110) : -1
(6, 111) : -1
(6, 112) : -1
(6, 113) : -1
(6, 114) : -1
(6, 115) : -1
(6, 116) : -1
(6, 117) : -1
(6, 118) : -1
(6, 119) : -1
(6, 120) : -1
(6, 121) : -1
(6, 122) : -1
(6, 123) : -1
(6, 124) : -1
(6, 125) : -1
(6, 126) : -1
(6, 127) : -1
(6, 128) : -1
(6, 129) : -1
(6, 130) : -1
(6, 131) : -1
(6, 132) : -1
(6, 133) : -1
(6, 134) : -1
(6, 135) : -1
(6, 136) : -1
(6, 137) : -1
========saver当前记录在案的总槽位: 2300 , 其中saver共有槽位67528个========
(6, 138) : -1
(6, 139) : -1
(6, 140) : -1
(6, 141) : -1
(6, 142) : -1
(6, 143) : -1
(6, 144) : -1
(6, 145) : -1
(6, 146) : -1
(6, 147) : -1
(6, 148) : -1
(6, 149) : -1
(6, 150) : -1
(6, 151) : -1
(6, 152) : -1
(6, 153) : -1
(6, 154) : -1
(6, 155) : -1
(6, 156) : -1
(6, 157) : -1
(6, 158) : -1
(6, 159) : -1
(6, 160) : -1
(6, 161) : -1
(6, 162) : -1
(6, 163) : -1
(6, 164) : -1
(6, 165) : -1
(6, 166) : -1
(6, 167) : -1
(6, 168) : -1
(6, 169) : -1
(6, 170) : -1
(6, 171) : -1
(6, 172) : -1
(6, 173) : -1
(6, 174) : -1
(6, 175) : -1
(6, 176) : -1
(6, 177) : -1
(6, 178) : -1
(6, 179) : -1
(6, 180) : -1
(6, 181) : -1
(6, 182) : -1
(6, 183) : -1
(6, 184) : -1
(6, 185) : -1
(6, 186) : -1
(6, 187) : -1
(6, 188) : -1
(6, 189) : -1
(6, 190) : -1
(6, 191) : -1
(6, 192) : -1
(6, 193) : -1
(6, 194) : -1
(6, 195) : -1
(6, 196) : -1
(6, 197) : -1
(6, 198) : -1
(6, 199) : -1
(6, 200) : -1
(6, 201) : -1
(6, 202) : -1
(6, 203) : -1
(6, 204) : -1
(6, 205) : -1
(6, 206) : -1
(6, 207) : -1
(6, 208) : -1
(6, 209) : -1
(6, 210) : -1
(6, 211) : -1
(6, 212) : -1
(6, 213) : -1
(6, 214) : -1
(6, 215) : -1
(6, 216) : -1
(6, 217) : -1
(6, 218) : -1
(6, 219) : -1
(6, 220) : -1
(6, 221) : -1
(6, 222) : -1
(6, 223) : -1
(6, 224) : -1
(6, 225) : -1
(6, 226) : -1
(6, 227) : -1
(6, 228) : -1
(6, 229) : -1
(6, 230) : -1
(6, 231) : -1
(6, 232) : -1
(6, 233) : -1
(6, 234) : -1
(6, 235) : -1
(6, 236) : -1
(6, 237) : -1
========saver当前记录在案的总槽位: 2400 , 其中saver共有槽位67528个========
(6, 238) : -1
(6, 239) : -1
(6, 240) : -1
(6, 241) : -1
(6, 242) : -1
(6, 243) : -1
(6, 244) : -1
(6, 245) : -1
(6, 246) : -1
(6, 247) : -1
(6, 248) : -1
(6, 249) : -1
(6, 250) : -1
(6, 251) : -1
(6, 252) : -1
(6, 253) : -1
(6, 254) : -1
(6, 255) : -1
(6, 256) : -1
(6, 257) : -1
(6, 258) : -1
(6, 259) : -1
(6, 260) : -1
(6, 261) : -1
(6, 262) : -1
(6, 263) : -1
(6, 264) : -1
(6, 265) : -1
(6, 266) : -1
(6, 267) : -1
(6, 268) : -1
(6, 269) : -1
(6, 270) : -1
(6, 271) : -1
(6, 272) : -1
(6, 273) : -1
(6, 274) : -1
(6, 275) : -1
(6, 276) : -1
(6, 277) : -1
(6, 278) : -1
(6, 279) : -1
(6, 280) : -1
(6, 281) : -1
(6, 282) : -1
(6, 283) : -1
(6, 284) : -1
(6, 285) : -1
(6, 286) : -1
(6, 287) : -1
(6, 288) : -1
(6, 289) : -1
(6, 290) : -1
(6, 291) : -1
(6, 292) : -1
(6, 293) : -1
(6, 294) : -1
(6, 295) : -1
(6, 296) : -1
(6, 297) : -1
(6, 298) : -1
(6, 299) : -1
(6, 300) : -1
(6, 301) : -1
(6, 302) : -1
(6, 303) : -1
(6, 304) : -1
(6, 305) : -1
(6, 306) : -1
(6, 307) : -1
(6, 308) : -1
(6, 309) : -1
(6, 310) : -1
(6, 311) : -1
(6, 312) : -1
(6, 313) : -1
(6, 314) : -1
(6, 315) : -1
(6, 316) : -1
(6, 317) : -1
(6, 318) : -1
(6, 319) : -1
(6, 320) : -1
(6, 321) : -1
(6, 322) : -1
(6, 323) : -1
(6, 324) : -1
(6, 325) : -1
(6, 326) : -1
(6, 327) : -1
(6, 328) : -1
(6, 329) : -1
(6, 330) : -1
(6, 331) : -1
(6, 332) : -1
(6, 333) : -1
(6, 334) : -1
(6, 335) : -1
(6, 336) : -1
(6, 337) : -1
========saver当前记录在案的总槽位: 2500 , 其中saver共有槽位67528个========
(6, 338) : -1
(6, 339) : -1
(6, 340) : -1
(6, 341) : -1
(6, 342) : -1
(6, 343) : -1
(6, 344) : -1
(6, 345) : -1
(6, 346) : -1
(6, 347) : -1
(6, 348) : -1
(6, 349) : -1
(6, 350) : -1
(6, 351) : -1
(6, 352) : -1
(6, 353) : -1
(6, 354) : -1
(6, 355) : -1
(6, 356) : -1
(6, 357) : -1
(6, 358) : -1
(6, 359) : -1
(6, 360) : -1
(6, 361) : -1
(6, 362) : -1
(6, 363) : -1
(6, 364) : -1
(6, 365) : -1
(6, 366) : -1
(6, 367) : -1
(5, 345) : 0.8665080184992502
(5, 348) : 0.8318718062478567
(5, 347) : 0.8444120226890026
(7, 11) : -1
(5, 346) : 0.9099394492510912
(5, 353) : 0.8854345773641698
(5, 349) : 0.9382298069470739
(5, 352) : 0.8821029003941416
(5, 355) : 0.8929084197992901
(5, 351) : 0.9203539761030385
(5, 356) : 0.890329057380658
(5, 357) : 0.8902112166609946
(5, 359) : 0.9183898597995821
(7, 8) : 0.9203824169492099
(7, 12) : 0.8941011613575764
(7, 23) : -1
(7, 9) : 0.9135627733224718
(5, 360) : 0.942074087583737
(5, 361) : 0.9384370001484005
(5, 367) : 0.8988262454744178
(5, 364) : 0.9097747380796024
(5, 365) : 0.8855564711471816
(7, 14) : 0.931047853097234
(7, 17) : 0.8837379853062256
(5, 362) : 0.9340817236773737
(5, 363) : 0.9356781344853109
(7, 13) : 0.9284804713652862
(7, 10) : 0.8975282604486833
(7, 24) : 0.894146563432481
(7, 25) : 0.894106946830578
(7, 38) : -1
(7, 27) : 0.8796495574895502
(7, 16) : 0.9103009704947533
(7, 18) : 0.9064005246205774
(7, 19) : 0.9168694079675035
(7, 28) : 0.9337203529075044
(7, 21) : 0.9199013577069354
(7, 45) : -1
(7, 46) : -1
(7, 32) : 0.9203988474210605
(7, 48) : -1
(7, 26) : 0.9233895007447687
(7, 50) : -1
(7, 22) : 0.8978121162104039
(7, 33) : 0.8728798808566072
(7, 53) : -1
(7, 54) : -1
(7, 20) : 0.9058087372085272
(7, 34) : 0.9164601250224075
(7, 30) : 0.9141188890468579
(7, 31) : 0.9314052679867292
(7, 36) : 0.9368800413232267
(7, 37) : 0.9432677110267609
(7, 39) : 0.9143328309546074
(7, 41) : 0.9307444675088865
(7, 15) : 0.9089372419960282
(7, 51) : 0.9139388903866701
(7, 47) : 0.8702834331429513
(7, 40) : 0.9071919750133924
(7, 43) : 0.9320088798012195
(7, 56) : 0.8340855443346765
(7, 57) : 0.9046698181985163
(7, 55) : 0.8953547769505359
(7, 71) : -1
(7, 59) : 0.8528270407784958
(7, 73) : -1
(7, 58) : 0.9197148551631269
(7, 35) : 0.915459501379044
(7, 42) : 0.9078377503713366
(7, 60) : 0.9104799359240098
========saver当前记录在案的总槽位: 2600 , 其中saver共有槽位67528个========
(7, 49) : 0.8999401876976976
(7, 79) : -1
(7, 62) : 0.9089555147119888
(7, 44) : 0.9129576388076511
(7, 63) : 0.9105808547554903
(7, 64) : 0.9379912400777117
(7, 52) : 0.8996541699226515
(7, 66) : 0.8950407882179777
(7, 72) : 0.9357143796395664
(7, 68) : 0.9394753939747641
(7, 29) : 0.9011750480014321
(7, 70) : 0.9108152699832895
(7, 67) : 0.9093332019166945
(7, 75) : 0.9548281426761827
(7, 61) : 0.9301021452909163
(7, 74) : 0.9049668903405165
(7, 78) : 0.9144349934639446
(7, 80) : 0.9151475106819819
(7, 65) : 0.9194981202330426
(7, 77) : 0.8932152983324867
(7, 76) : 0.9110944459261703
(7, 85) : 0.8761816481653504
(7, 84) : 0.9211724726859127
(7, 69) : 0.8931545327978789
(7, 86) : 0.9113042361707775
(7, 82) : 0.9270523951452848
(7, 104) : -1
(7, 105) : -1
(7, 106) : -1
(7, 107) : -1
(7, 108) : -1
(7, 109) : -1
(7, 81) : 0.9098675655609212
(7, 88) : 0.9244944589192108
(7, 90) : 0.8740597817588421
(7, 87) : 0.9057234623306418
(7, 91) : 0.9206700403815629
(7, 83) : 0.9331338137465068
(7, 97) : 0.9619814972860163
(7, 92) : 0.8866720546807572
(7, 96) : 0.8295687668208658
(7, 98) : 0.9185253882979643
(7, 100) : 0.8467432992744742
(7, 103) : 0.8902561179934126
(7, 101) : 0.931331754261685
(7, 123) : -1
(7, 95) : 0.8902291343456894
(7, 112) : 0.9483389709066348
(7, 126) : -1
(7, 113) : 0.9255485769568973
(7, 111) : 0.9349444002499564
(7, 110) : 0.9051757313501737
(7, 102) : 0.9006676391621773
(7, 115) : 0.9154497855017006
(7, 114) : 0.9127646572666962
(7, 116) : 0.9150535361518359
(7, 99) : 0.9105652054653584
(7, 120) : 0.9141369015935206
(7, 136) : -1
(7, 137) : -1
(7, 117) : 0.9235586753107182
(7, 139) : -1
(7, 119) : 0.9058306697560999
(7, 89) : 0.9044229313121698
(7, 118) : 0.950821028904433
(7, 121) : 0.9606770794536492
(7, 144) : -1
(7, 94) : 0.9269502579790175
(7, 146) : -1
(7, 125) : 0.9256764583837435
(7, 122) : 0.9231109100502709
(7, 149) : -1
(7, 129) : 0.9092307597707465
(7, 151) : -1
(7, 127) : 0.8971093925662157
(7, 93) : 0.9015015816888661
(7, 132) : 0.9125165096973806
(7, 124) : 0.9172257613480284
(7, 133) : 0.9275399348423676
(7, 135) : 0.8909939824815991
(7, 130) : 0.8866720546807572
(7, 134) : 0.928635354976734
(7, 128) : 0.9184112850938786
(7, 140) : 0.8718347389412782
(7, 142) : 0.9357380284705265
(7, 138) : 0.9059483956188341
(7, 141) : 0.9091711937234986
(7, 145) : 0.9101291995917477
(7, 147) : 0.9335523130397888
(7, 167) : -1
(7, 131) : 0.9086830218872927
(7, 148) : 0.8213413990788266
(7, 143) : 0.9264468049707555
(7, 152) : 0.8976826841987374
(7, 172) : -1
(7, 154) : 0.9202367309403164
(7, 155) : 0.8974999688308114
(7, 150) : 0.8990146394504246
(7, 153) : 0.9166165848985879
(7, 160) : 0.8864215571416512
========saver当前记录在案的总槽位: 2700 , 其中saver共有槽位67528个========
(7, 162) : 0.9480760404021364
(7, 158) : 0.9165185278775305
(7, 161) : 0.8815151776801514
(7, 181) : -1
(7, 159) : 0.9465746523628206
(7, 183) : -1
(7, 164) : 0.9352907607265852
(7, 156) : 0.8953827798302163
(7, 165) : 0.9210550652947554
(7, 163) : 0.9601024034192776
(7, 169) : 0.8882631542609796
(7, 170) : 0.9105549735948715
(7, 174) : 0.9300175357122114
(7, 175) : 0.9253976383597706
(7, 171) : 0.8318245488615233
(7, 173) : 0.8997643389765718
(7, 194) : -1
(7, 157) : 0.8936119649100636
(7, 196) : -1
(7, 176) : 0.9148787801874154
(7, 168) : 0.9185078938095083
(7, 199) : -1
(7, 180) : 0.9385714008363694
(7, 166) : 0.8768997495676769
(7, 185) : 0.9231428175325614
(7, 203) : -1
(7, 186) : 0.8916722932513422
(7, 178) : 0.917573705041324
(7, 177) : 0.878508375432643
(7, 187) : 0.9426051653139982
(7, 190) : 0.8945929085851005
(7, 188) : 0.9169871789320049
(7, 193) : 0.8874319684497773
(7, 184) : 0.9087735514967465
(7, 182) : 0.9279619415621111
(7, 192) : 0.8543401545112278
(7, 197) : 0.903067383620675
(7, 191) : 0.8957823681940306
(7, 216) : -1
(7, 198) : 0.9321223337320119
(7, 179) : 0.9232763478931485
(7, 200) : 0.919185711881823
(7, 204) : 0.9214406652075695
(7, 206) : 0.913964898057736
(7, 205) : 0.9227702049523887
(7, 223) : -1
(7, 208) : 0.6202546438366343
(7, 225) : -1
(7, 189) : 0.9069082766212727
(7, 201) : 0.9287477104378882
(7, 195) : 0.941919244449518
(7, 229) : -1
(7, 207) : 0.9248721477219062
(7, 202) : 0.9645716283683663
(7, 209) : 0.941421994273016
(7, 214) : 0.9419253039641033
(7, 212) : 0.7599832118888994
(7, 210) : 0.9146224365524551
(7, 236) : -1
(7, 219) : 0.8723222313889653
(7, 213) : 0.8601614216894482
(7, 215) : 0.9553887879996684
(7, 211) : 0.9109761662630332
(7, 218) : 0.9286889644826333
(7, 217) : 0.9378228746530314
(7, 220) : 0.8222952007050021
(7, 244) : -1
(7, 227) : 0.8554924405655269
(7, 246) : -1
(7, 247) : -1
(7, 231) : 0.9077756449817834
(7, 249) : -1
(7, 250) : -1
(7, 226) : 0.9082872390492112
(7, 232) : 0.9200860421388477
(7, 224) : 0.9087938547855124
(7, 254) : -1
(7, 222) : 0.9358548257672556
(7, 228) : 0.8312221234084131
(7, 221) : 0.8981869188505238
(7, 239) : 0.9161647400736685
(7, 234) : 0.9034347505336785
(7, 238) : 0.9173406650417509
(7, 240) : 0.9482939410960218
(7, 242) : 0.9377791888362239
(7, 230) : 0.8957903520221834
(7, 241) : 0.9417509239194797
(7, 245) : 0.8431328537236696
(7, 233) : 0.8902291343456894
(7, 243) : 0.9645716283683663
(7, 235) : 0.8934534986567069
(7, 252) : 0.8934833035271543
(7, 248) : 0.9020500245019994
(7, 253) : 0.9025769108260053
(7, 237) : 0.8839593557555081
(7, 251) : 0.9204681266960908
(7, 255) : 0.9331275223680587
(7, 275) : -1
(7, 257) : 0.9093220656562737
(7, 256) : 0.9054185183265593
========saver当前记录在案的总槽位: 2800 , 其中saver共有槽位67528个========
(7, 278) : -1
(7, 279) : -1
(7, 258) : 0.9065116771301014
(7, 262) : 0.9051713683067741
(7, 261) : 0.9478533616107035
(7, 260) : 0.9217202380554976
(7, 264) : 0.9322449393843876
(7, 265) : 0.9050690262676166
(7, 267) : 0.8870339519450718
(7, 287) : -1
(7, 288) : -1
(7, 289) : -1
(7, 290) : -1
(7, 291) : -1
(7, 292) : -1
(7, 293) : -1
(7, 294) : -1
(7, 295) : -1
(7, 296) : -1
(7, 297) : -1
(7, 298) : -1
(7, 299) : -1
(7, 263) : 0.9302016637071496
(7, 269) : 0.9000649044622809
(7, 268) : 0.9003985342603615
(7, 259) : 0.912225967764807
(7, 266) : 0.8890632063730889
(7, 272) : 0.9139119000803639
(7, 274) : 0.876245252517419
(7, 276) : 0.8829797373314117
(7, 270) : 0.8901473319791846
(7, 271) : 0.8471297357092028
(7, 277) : 0.9357015112769784
(7, 280) : 0.8482588525110177
(7, 273) : 0.9055662166693804
(7, 282) : 0.8781247305950145
(7, 281) : 0.9564907836105544
(7, 283) : 0.8154667350222475
(7, 316) : -1
(7, 284) : 0.8991282874755502
(7, 285) : 0.9112598891263641
(7, 300) : 0.8824916259701509
(7, 320) : -1
(7, 321) : -1
(7, 286) : 0.8709904025855034
(7, 303) : 0.9242227084847565
(7, 324) : -1
(7, 302) : 0.9198738301908247
(7, 305) : 0.8388200209490148
(7, 327) : -1
(7, 301) : 0.8729869635474
(7, 304) : 0.9040695926264422
(7, 307) : 0.8991282874755502
(7, 309) : 0.910818215121577
(7, 306) : 0.827344479116734
(7, 311) : 0.8776851563972913
(7, 310) : 0.9182759587179495
(7, 312) : 0.8813303883199861
(7, 317) : 0.9684844283244622
(7, 315) : 0.9288839256576208
(7, 318) : 0.8554426481559387
(7, 314) : 0.903722777649022
(7, 322) : 0.8669752658534802
(7, 341) : -1
(7, 319) : 0.9253658034336356
(7, 325) : 0.9460070074428281
(7, 326) : 0.9160170759455851
(7, 308) : 0.9064382478008678
(7, 323) : 0.8922318003585469
(7, 328) : 0.8987704776883156
(7, 313) : 0.8938855454604103
(7, 331) : 0.8879082530740006
(7, 350) : -1
(7, 330) : 0.8885483369801788
(7, 333) : 0.8965901458276897
(7, 329) : 0.9035313199580695
(7, 354) : -1
(7, 336) : 0.8550128948676933
(7, 334) : 0.9136404335755254
(7, 332) : 0.9206722596589769
(7, 358) : -1
(7, 338) : 0.9362855697682676
(7, 337) : 0.9276553898232289
(7, 339) : 0.9211375266184845
(7, 335) : 0.8838022569671293
(7, 340) : 0.8614603797180971
(7, 343) : 0.9427483299642746
(7, 342) : 0.9014505612034038
(7, 366) : -1
(7, 346) : 0.9436926610285589
(7, 348) : 0.8754018450462167
(7, 345) : 0.9352225499245563
(8, 11) : -1
(7, 347) : 0.9021667272563487
(7, 344) : 0.9107290726127634
(7, 352) : 0.9616449789244298
(7, 355) : 0.8391556555586397
(7, 353) : 0.9141339078125266
(7, 351) : 0.9004991448128632
(7, 356) : 0.913282757786233
========saver当前记录在案的总槽位: 2900 , 其中saver共有槽位67528个========
(7, 359) : 0.903151837758027
(7, 357) : 0.6866048229424201
(7, 349) : 0.9179242419257961
(7, 360) : 0.9162912625169163
(8, 23) : -1
(7, 364) : 0.926027736492307
(7, 365) : 0.9684844283244622
(7, 361) : 0.9335407735576288
(7, 367) : 0.9614114733076963
(7, 362) : 0.9289502188860148
(8, 12) : 0.8908346465459379
(8, 14) : 0.929191453133118
(7, 363) : 0.8887177995018101
(8, 9) : 0.9125822482310798
(8, 17) : 0.8698079963277623
(8, 24) : 0.9059012399593835
(8, 13) : 0.9591291089315547
(8, 25) : 0.8929992779246465
(8, 27) : 0.8999556984384157
(8, 38) : -1
(8, 10) : 0.9354162142614826
(8, 28) : 0.9235570219409065
(8, 16) : 0.7450274258853399
(8, 18) : 0.9358714078620736
(8, 21) : 0.9495227359748241
(8, 32) : 0.8845534836379311
(8, 45) : -1
(8, 46) : -1
(8, 26) : 0.9454772941335435
(8, 48) : -1
(8, 22) : 0.9573192901173635
(8, 50) : -1
(8, 33) : 0.8599712711543163
(8, 30) : 0.9131648892354423
(8, 53) : -1
(8, 54) : -1
(8, 19) : 0.9485764801800657
(8, 34) : 0.9175380956860502
(8, 20) : 0.9524165916741296
(8, 31) : 0.9341622863305534
(8, 36) : 0.9302511640920232
(8, 37) : 0.935463132030868
(8, 41) : 0.9132942209957673
(8, 39) : 0.9213042068265637
(8, 51) : 0.8698310110025951
(8, 43) : 0.9257035718059189
(8, 47) : 0.8308390514221043
(8, 40) : 0.9485071183176961
(8, 15) : 0.948048862078773
(8, 56) : 0.8836491320260939
(8, 57) : 0.945052777882905
(8, 55) : 0.8695637002416945
(8, 71) : -1
(8, 59) : 0.8585437493341324
(8, 73) : -1
(8, 58) : 0.9248839434009403
(8, 49) : 0.9323480512941633
(8, 42) : 0.9454854093513603
(8, 35) : 0.9563452253667959
(8, 60) : 0.9615787487890949
(8, 79) : -1
(8, 63) : 0.9246011805835042
(8, 62) : 0.9180041512156913
(8, 64) : 0.8963523338092189
(8, 44) : 0.9453882517051858
(8, 52) : 0.9376616427633002
(8, 66) : 0.9094166949451133
(8, 68) : 0.9353486199403571
(8, 29) : 0.9399630299512787
(8, 72) : 0.9366798260630784
(8, 67) : 0.853222082118846
(8, 70) : 0.9256705640170035
(8, 75) : 0.9051941020442917
(8, 65) : 0.9264480545981462
(8, 74) : 0.9141343194865076
(8, 61) : 0.9436436863959607
(8, 80) : 0.9100295245098964
(8, 78) : 0.9256566829085502
(8, 76) : 0.9401348230776008
(8, 77) : 0.906032352523231
(8, 85) : 0.8363927479524429
(8, 84) : 0.9225604049602565
(8, 86) : 0.9145475306778219
(8, 69) : 0.9309930744431073
(8, 90) : 0.9165371135724922
(8, 104) : -1
(8, 105) : -1
(8, 106) : -1
(8, 107) : -1
(8, 108) : -1
(8, 109) : -1
(8, 87) : 0.9118258274001154
(8, 82) : 0.9207563748215792
(8, 81) : 0.9317708511765064
(8, 88) : 0.9232214788497995
(8, 91) : 0.9364254702214643
(8, 92) : 0.8990860636208015
(8, 96) : 0.8474850738655646
(8, 97) : 0.9247227767936934
(8, 98) : 0.9141550704900098
========saver当前记录在案的总槽位: 3000 , 其中saver共有槽位67528个========
(8, 83) : 0.952125837056158
(8, 100) : 0.8702107820778765
(8, 101) : 0.9572405861066389
(8, 95) : 0.9212786630981236
(8, 123) : -1
(8, 103) : 0.9098593021855199
(8, 113) : 0.9352399440788645
(8, 126) : -1
(8, 112) : 0.9377936525318797
(8, 115) : 0.9233337697500985
(8, 114) : 0.9160840886086926
(8, 111) : 0.9259961028065585
(8, 116) : 0.9083516841684178
(8, 102) : 0.9383887172039016
(8, 110) : 0.9561156815405374
(8, 117) : 0.9109235252690109
(8, 120) : 0.9022546973761062
(8, 136) : -1
(8, 137) : -1
(8, 99) : 0.9475948742965214
(8, 139) : -1
(8, 119) : 0.9438045480218554
(8, 118) : 0.9136075745107819
(8, 121) : 0.9153397398978094
(8, 94) : 0.9445390456689532
(8, 144) : -1
(8, 89) : 0.9340884565590111
(8, 146) : -1
(8, 122) : 0.9385103814347605
(8, 125) : 0.9424602747776804
(8, 149) : -1
(8, 127) : 0.9191901745459913
(8, 151) : -1
(8, 129) : 0.9121559213747552
(8, 124) : 0.9319665307570291
(8, 93) : 0.9393545144722326
(8, 132) : 0.9323749388798809
(8, 140) : 0.8723107574622201
(8, 135) : 0.9100829659091849
(8, 128) : 0.9197605939175792
(8, 133) : 0.9443497205551475
(8, 130) : 0.8990860636208015
(8, 134) : 0.9422938403993105
(8, 138) : 0.9127634872150845
(8, 141) : 0.9159262879968877
(8, 142) : 0.9010101267120398
(8, 131) : 0.9482247319424779
(8, 147) : 0.9517859980841875
(8, 167) : -1
(8, 148) : 0.832145101482464
(8, 145) : 0.9176688316662982
(8, 143) : 0.9529208914527089
(8, 152) : 0.9378169352014435
(8, 172) : -1
(8, 150) : 0.9285599634024577
(8, 153) : 0.9193087785144713
(8, 154) : 0.8964869770014363
(8, 155) : 0.9108384411248721
(8, 160) : 0.8388039517398264
(8, 162) : 0.914806384654382
(8, 165) : 0.9262877905724988
(8, 158) : 0.94093711072721
(8, 181) : -1
(8, 161) : 0.8959380841737459
(8, 183) : -1
(8, 164) : 0.9466903228828559
(8, 159) : 0.9375015414774072
(8, 156) : 0.9114905491869204
(8, 169) : 0.8907618736066962
(8, 163) : 0.9404159345993243
(8, 170) : 0.9095686170028168
(8, 173) : 0.9285498480947239
(8, 174) : 0.9038263985859225
(8, 171) : 0.850652467028888
(8, 175) : 0.9055705400736317
(8, 194) : -1
(8, 157) : 0.9366974666635156
(8, 196) : -1
(8, 168) : 0.9494793582838149
(8, 166) : 0.9277494104468345
(8, 199) : -1
(8, 176) : 0.9325888173820498
(8, 185) : 0.9481682033588971
(8, 177) : 0.9262067780018935
(8, 203) : -1
(8, 180) : 0.9515583117323321
(8, 186) : 0.9034936080131624
(8, 187) : 0.9445549208579892
(8, 190) : 0.8504403981435327
(8, 178) : 0.9505986984937653
(8, 193) : 0.8540397776530756
(8, 188) : 0.9266784603592908
(8, 192) : 0.8914017848456445
(8, 191) : 0.9364926987741605
(8, 197) : 0.8555321237514673
(8, 182) : 0.935668273060968
(8, 198) : 0.9087806758604118
(8, 216) : -1
(8, 184) : 0.9328500005294815
(8, 200) : 0.9273331214078764
========saver当前记录在案的总槽位: 3100 , 其中saver共有槽位67528个========
(8, 179) : 0.9456369813873443
(8, 201) : 0.9543684994805532
(8, 195) : 0.9440537050908371
(8, 189) : 0.9443295574556223
(8, 223) : -1
(8, 204) : 0.9299555928259055
(8, 225) : -1
(8, 206) : 0.8797740541156738
(8, 205) : 0.9246854996343354
(8, 208) : 0.8953920200847313
(8, 229) : -1
(8, 207) : 0.918395861635377
(8, 202) : 0.9443516960965552
(8, 210) : 0.9264615403648833
(8, 212) : 0.73263393644895
(8, 214) : 0.9161998403852019
(8, 209) : 0.9303418934849119
(8, 236) : -1
(8, 218) : 0.8745458086408624
(8, 213) : 0.8743393206542597
(8, 217) : 0.901135826849988
(8, 211) : 0.9206146269885132
(8, 215) : 0.9425046900482391
(8, 219) : 0.9074481650859963
(8, 220) : 0.8559884439324303
(8, 244) : -1
(8, 227) : 0.8787403888937432
(8, 246) : -1
(8, 247) : -1
(8, 231) : 0.9193884678701841
(8, 249) : -1
(8, 250) : -1
(8, 232) : 0.943428548754201
(8, 228) : 0.8499313873489722
(8, 222) : 0.9497572330780955
(8, 254) : -1
(8, 226) : 0.9400115825797886
(8, 240) : 0.9491156699012013
(8, 239) : 0.9422873991572474
(8, 238) : 0.9229058843140461
(8, 242) : 0.9188227062703862
(8, 234) : 0.9225725668915636
(8, 224) : 0.9399040983370233
(8, 245) : 0.8828641367727694
(8, 241) : 0.9272939417109008
(8, 243) : 0.9443516960965552
(8, 233) : 0.9212786630981236
(8, 248) : 0.8672557082027128
(8, 252) : 0.8758037011269482
(8, 255) : 0.9149787937943973
(8, 230) : 0.931154541840326
(8, 253) : 0.8769996680849812
(8, 251) : 0.940269967050456
(8, 235) : 0.9333866931456695
(8, 221) : 0.932953651730612
(8, 261) : 0.906176140817298
(8, 275) : -1
(8, 262) : 0.8996735919187053
(8, 258) : 0.9532942203016306
(8, 278) : -1
(8, 279) : -1
(8, 257) : 0.8706302028143739
(8, 260) : 0.9529315315373705
(8, 256) : 0.9315246877826866
(8, 265) : 0.878536142742489
(8, 264) : 0.9534667257514899
(8, 263) : 0.9478189511018794
(8, 269) : 0.9377254039434696
(8, 287) : -1
(8, 288) : -1
(8, 289) : -1
(8, 290) : -1
(8, 291) : -1
(8, 292) : -1
(8, 293) : -1
(8, 294) : -1
(8, 295) : -1
(8, 296) : -1
(8, 297) : -1
(8, 298) : -1
(8, 299) : -1
(8, 267) : 0.9207274887127503
(8, 274) : 0.9032658932027472
(8, 237) : 0.9251868252711796
(8, 276) : 0.8862267017860612
(8, 272) : 0.9282839612824625
(8, 268) : 0.8824296281324598
(8, 259) : 0.9316409362014637
(8, 277) : 0.9386239194090762
(8, 281) : 0.9299144263238999
(8, 282) : 0.8891806754131418
(8, 283) : 0.8447891583297379
(8, 280) : 0.9063385469641421
(8, 270) : 0.9349823004156131
(8, 271) : 0.8232880493297876
(8, 284) : 0.8646387774303111
(8, 266) : 0.9205244514980162
(8, 316) : -1
(8, 286) : 0.9060059603887545
(8, 285) : 0.901180412828701
========saver当前记录在案的总槽位: 3200 , 其中saver共有槽位67528个========
(8, 300) : 0.8508851892989352
(8, 320) : -1
(8, 321) : -1
(8, 273) : 0.941812061703289
(8, 303) : 0.9259603949763158
(8, 324) : -1
(8, 302) : 0.9113490247285125
(8, 305) : 0.8582203063095442
(8, 327) : -1
(8, 306) : 0.8454603418593892
(8, 307) : 0.8646387774303111
(8, 309) : 0.8913966476248449
(8, 311) : 0.8932552134938163
(8, 310) : 0.9322429618668968
(8, 312) : 0.8951650278058568
(8, 304) : 0.9482886247575726
(8, 315) : 0.9376557139066706
(8, 317) : 0.9336048594226374
(8, 314) : 0.9430048858394646
(8, 318) : 0.8680541505072099
(8, 325) : 0.9340057143525938
(8, 326) : 0.9311844919199187
(8, 341) : -1
(8, 322) : 0.8920251984171448
(8, 328) : 0.9518142598214492
(8, 319) : 0.9402027377803597
(8, 331) : 0.883940994570493
(8, 301) : 0.9181492946529659
(8, 330) : 0.9079666461075357
(8, 333) : 0.8924925570898816
(8, 337) : 0.9504471959244677
(8, 350) : -1
(8, 336) : 0.8817843965816881
(8, 323) : 0.9204633932425723
(8, 338) : 0.9283894125996948
(8, 354) : -1
(8, 339) : 0.9308399307164906
(8, 313) : 0.9431613665407644
(8, 334) : 0.9172137527355888
(8, 358) : -1
(8, 329) : 0.9377182893544863
(8, 308) : 0.9344059087503016
(8, 332) : 0.9122682149509176
(8, 343) : 0.9478472304659384
(8, 340) : 0.9019944104884557
(8, 348) : 0.8898355159832158
(8, 345) : 0.9184050547267296
(8, 366) : -1
(8, 347) : 0.9001939863738011
(8, 344) : 0.9009185633002385
(9, 11) : -1
(8, 342) : 0.9137530618975208
(8, 346) : 0.9294318703248574
(8, 335) : 0.9268319387857292
(8, 349) : 0.9444790482376911
(8, 355) : 0.8593815677360539
(8, 356) : 0.9184173863202891
(8, 352) : 0.9286627780539856
(8, 357) : 0.8359653726541381
(8, 353) : 0.9013106897493884
(8, 359) : 0.9179103809751643
(8, 351) : 0.9256049852726588
(9, 23) : -1
(8, 360) : 0.9346818145176802
(8, 367) : 0.948042959363543
(8, 365) : 0.9336048594226374
(8, 361) : 0.9457031524451833
(8, 364) : 0.9257971151994828
(9, 12) : 0.8659350982119052
(9, 14) : 0.9171121199454675
(8, 362) : 0.9519899674150059
(8, 363) : 0.9223402591022352
(9, 17) : 0.8628357583991378
(9, 24) : 0.9022544627116272
(9, 13) : 0.9295769718268408
(9, 10) : 0.9051340117357268
(9, 25) : 0.8793331345424444
(9, 38) : -1
(9, 27) : 0.8768767692326009
(9, 28) : 0.921265654987007
(9, 16) : 0.9041800275869878
(9, 18) : 0.9144938071862765
(9, 21) : 0.912995207771021
(9, 22) : 0.9095808272649711
(9, 45) : -1
(9, 46) : -1
(9, 26) : 0.9142351499516492
(9, 48) : -1
(9, 19) : 0.9210849227371618
(9, 50) : -1
(9, 20) : 0.9115438330502265
(9, 32) : 0.8750006553207959
(9, 53) : -1
(9, 54) : -1
(9, 33) : 0.8586545611591395
(9, 30) : 0.9992710376076032
(9, 31) : 0.9082852956304565
(9, 15) : 0.9027207870784667
(9, 34) : 0.9147402206280548
(9, 36) : 0.8946794884416682
========saver当前记录在案的总槽位: 3300 , 其中saver共有槽位67528个========
(9, 37) : 0.9015011111658623
(9, 41) : 0.9039284142254433
(9, 39) : 0.9105527016619229
(9, 43) : 0.864291289003015
(9, 51) : 0.8813982543641726
(9, 40) : 0.9164332869534678
(9, 47) : 0.8683887741530475
(9, 42) : 0.9077429028502304
(9, 29) : 0.9056810916504834
(9, 35) : 0.9039619403077848
(9, 71) : -1
(9, 56) : 0.8758336611625172
(9, 73) : -1
(9, 55) : 0.85373586290198
(9, 57) : 0.9012034038828318
(9, 49) : 0.90976218653075
(9, 58) : 0.9107565883188776
(9, 44) : 0.9208734617955672
(9, 79) : -1
(9, 59) : 0.8536574379128714
(9, 52) : 0.9147232544432425
(9, 60) : 0.9209283173707682
(9, 62) : 0.904348591966603
(9, 64) : 0.8790765842088963
(9, 63) : 0.9187678198097977
(9, 66) : 0.8997827507136823
(9, 68) : 0.9219473339809213
(9, 67) : 0.913658843228494
(9, 61) : 0.9293672875524495
(9, 72) : 0.898384862138627
(9, 75) : 0.8921386730242392
(9, 70) : 0.9076493616927697
(9, 65) : 0.9160742603877629
(9, 74) : 0.9138637604153264
(9, 80) : 0.9138040288670035
(9, 76) : 0.9168446891646642
(9, 77) : 0.9000442074883427
(9, 78) : 0.9105493997347348
(9, 84) : 0.9115915940202273
(9, 85) : 0.8449760440289771
(9, 81) : 0.9062780385365194
(9, 82) : 0.9137912675929496
(9, 86) : 0.9151649602089685
(9, 104) : -1
(9, 105) : -1
(9, 106) : -1
(9, 107) : -1
(9, 108) : -1
(9, 109) : -1
(9, 69) : 0.9024270762611388
(9, 87) : 0.9227258863815491
(9, 88) : 0.9253840511399859
(9, 90) : 0.8700123096936522
(9, 91) : 0.9140291542910853
(9, 83) : 0.9195833011759437
(9, 92) : 0.8905359928523358
(9, 96) : 0.8093454297776089
(9, 97) : 0.9143702393138359
(9, 98) : 0.9114792610151033
(9, 100) : 0.855570568342774
(9, 103) : 0.9012754285191463
(9, 101) : 0.9281370173136668
(9, 123) : -1
(9, 111) : 0.9278192985037325
(9, 95) : 0.9097046522925023
(9, 126) : -1
(9, 113) : 0.9009375696018544
(9, 112) : 0.9352913051761604
(9, 110) : 0.9171622399064865
(9, 99) : 0.9138940806395998
(9, 115) : 0.9145587030841317
(9, 114) : 0.9193753742049695
(9, 102) : 0.9006654751293987
(9, 116) : 0.907019552283999
(9, 117) : 0.9027903090930443
(9, 136) : -1
(9, 137) : -1
(9, 120) : 0.906713961977442
(9, 139) : -1
(9, 119) : 0.9113567762603483
(9, 94) : 0.9128823695538753
(9, 89) : 0.912711557848281
(9, 118) : 0.9164955568672222
(9, 144) : -1
(9, 121) : 0.8983435236109905
(9, 146) : -1
(9, 122) : 0.9061861274470541
(9, 125) : 0.9070595212718844
(9, 149) : -1
(9, 127) : 0.9092157117424943
(9, 151) : -1
(9, 93) : 0.9059492273137906
(9, 129) : 0.9096191799545071
(9, 124) : 0.9169685209500875
(9, 132) : 0.9193393508271126
(9, 128) : 0.9238857232789303
(9, 135) : 0.8750679620597738
(9, 140) : 0.8849816802380197
(9, 134) : 0.9056181624845213
(9, 130) : 0.8905359928523358
========saver当前记录在案的总槽位: 3400 , 其中saver共有槽位67528个========
(9, 133) : 0.9174339318466269
(9, 138) : 0.9065024915206044
(9, 142) : 0.9157646266303203
(9, 147) : 0.9139291763102498
(9, 145) : 0.9158349850098936
(9, 148) : 0.8031647530405281
(9, 167) : -1
(9, 141) : 0.9155395098023752
(9, 131) : 0.9225985023680906
(9, 143) : 0.9175996645362704
(9, 150) : 0.9036902820130926
(9, 172) : -1
(9, 152) : 0.8904019875043888
(9, 154) : 0.9042966445810315
(9, 155) : 0.9010885701388698
(9, 153) : 0.9208075555192946
(9, 160) : 0.8647339132556106
(9, 156) : 0.9035963295892828
(9, 162) : 0.9048305055284137
(9, 158) : 0.9056706514827708
(9, 181) : -1
(9, 159) : 0.9086384993709817
(9, 183) : -1
(9, 161) : 0.8796337987940511
(9, 164) : 0.9219149588385326
(9, 165) : 0.9126437241831966
(9, 163) : 0.9227597447878868
(9, 169) : 0.8726614112838245
(9, 170) : 0.911211861488893
(9, 174) : 0.8933308522742024
(9, 157) : 0.8984967814161446
(9, 173) : 0.9168974904734635
(9, 175) : 0.9185682500128471
(9, 194) : -1
(9, 171) : 0.8294760562111572
(9, 196) : -1
(9, 176) : 0.9234169189784506
(9, 168) : 0.9015925995194743
(9, 199) : -1
(9, 166) : 0.9044084389550888
(9, 180) : 0.9263698923659933
(9, 177) : 0.8934474766830056
(9, 203) : -1
(9, 186) : 0.9147416575216933
(9, 185) : 0.9128490340302539
(9, 178) : 0.9149867711346059
(9, 187) : 0.8553611152796469
(9, 190) : 0.8694371501041855
(9, 182) : 0.9185326414986505
(9, 193) : 0.8797849693558722
(9, 184) : 0.8999623827659669
(9, 191) : 0.912053002392347
(9, 188) : 0.9104245930402182
(9, 192) : 0.8638309723216548
(9, 197) : 0.8766376015570109
(9, 216) : -1
(9, 198) : 0.8917493024316523
(9, 179) : 0.9090009732134202
(9, 200) : 0.9249282787612613
(9, 201) : 0.9168869900577752
(9, 204) : 0.9074501987834044
(9, 189) : 0.9122905888643673
(9, 223) : -1
(9, 195) : 0.9262452435383175
(9, 225) : -1
(9, 206) : 0.8924871945645839
(9, 202) : 0.9206916960452294
(9, 208) : 0.9029030575174262
(9, 229) : -1
(9, 205) : 0.9251011760264876
(9, 207) : 0.919173664318899
(9, 209) : 0.9255537029591221
(9, 210) : 0.9118068057755035
(9, 212) : 0.754961582025746
(9, 214) : 0.9000388344334729
(9, 236) : -1
(9, 217) : 0.9035166406900996
(9, 213) : 0.849026278158324
(9, 218) : 0.8928192520952819
(9, 211) : 0.9176014005456811
(9, 219) : 0.8619928896827576
(9, 215) : 0.9138681493768177
(9, 220) : 0.8245643744665043
(9, 244) : -1
(9, 227) : 0.8461133538085497
(9, 246) : -1
(9, 247) : -1
(9, 231) : 0.9122375606024073
(9, 249) : -1
(9, 250) : -1
(9, 222) : 0.9239189535594459
(9, 228) : 0.8292575907483799
(9, 226) : 0.9041688023170464
(9, 254) : -1
(9, 232) : 0.9028789663279972
(9, 239) : 0.9124113491612145
(9, 224) : 0.9128868436941068
(9, 240) : 0.9307641294021931
(9, 234) : 0.8977062941485503
(9, 238) : 0.9070865634132909
========saver当前记录在案的总槽位: 3500 , 其中saver共有槽位67528个========
(9, 242) : 0.9008161562423462
(9, 245) : 0.8459990101509576
(9, 241) : 0.926933200619811
(9, 243) : 0.9206916960452294
(9, 233) : 0.9097046522925023
(9, 230) : 0.907043815410459
(9, 248) : 0.8593726844100865
(9, 252) : 0.8560733401491438
(9, 235) : 0.9076646500409763
(9, 221) : 0.9088350853333396
(9, 251) : 0.9071755574464557
(9, 255) : 0.8921341493529309
(9, 253) : 0.8871768109938806
(9, 257) : 0.8735953810361728
(9, 275) : -1
(9, 261) : 0.8937406895935489
(9, 256) : 0.9182961384964521
(9, 278) : -1
(9, 279) : -1
(9, 258) : 0.9003138967544683
(9, 262) : 0.8811351364316018
(9, 260) : 0.9158892283994338
(9, 237) : 0.8935973358260971
(9, 264) : 0.9159263911097499
(9, 265) : 0.8296902498675192
(9, 267) : 0.8850854460021321
(9, 287) : -1
(9, 288) : -1
(9, 289) : -1
(9, 290) : -1
(9, 291) : -1
(9, 292) : -1
(9, 293) : -1
(9, 294) : -1
(9, 295) : -1
(9, 296) : -1
(9, 297) : -1
(9, 298) : -1
(9, 299) : -1
(9, 263) : 0.9154822254623208
(9, 269) : 0.918533100903961
(9, 259) : 0.9170345308152031
(9, 268) : 0.8780701550161554
(9, 274) : 0.8699423961498908
(9, 276) : 0.8664112077673966
(9, 270) : 0.9116465432325384
(9, 272) : 0.9065577659038797
(9, 282) : 0.8720218525418634
(9, 266) : 0.9088851939059016
(9, 280) : 0.8752736520445107
(9, 271) : 0.8435383650908854
(9, 277) : 0.9254621852474583
(9, 281) : 0.9197071591532227
(9, 283) : 0.8044718899775195
(9, 284) : 0.8641160628952683
(9, 316) : -1
(9, 286) : 0.8590942585646204
(9, 285) : 0.8840848319156862
(9, 273) : 0.9097564538288847
(9, 320) : -1
(9, 321) : -1
(9, 300) : 0.877624175078745
(9, 303) : 0.8831790391009213
(9, 324) : -1
(9, 302) : 0.907469819809384
(9, 305) : 0.8270491819573778
(9, 327) : -1
(9, 306) : 0.8161552279263651
(9, 307) : 0.8871044656977112
(9, 309) : 0.8736156471565695
(9, 311) : 0.8746444617408871
(9, 310) : 0.9022133835976698
(9, 304) : 0.9033171893760605
(9, 312) : 0.8636141808710794
(9, 317) : 0.9101007268163263
(9, 315) : 0.9294292462114826
(9, 314) : 0.9049964458930375
(9, 318) : 0.851161915463933
(9, 301) : 0.8892673037724098
(9, 322) : 0.8940842822700847
(9, 341) : -1
(9, 319) : 0.9317821763840444
(9, 326) : 0.9114352410184495
(9, 325) : 0.9139605598844298
(9, 328) : 0.91879924789225
(9, 330) : 0.8869803755226263
(9, 331) : 0.8669001971494599
(9, 323) : 0.8911954572790599
(9, 333) : 0.8968416446481481
(9, 350) : -1
(9, 313) : 0.908722694531964
(9, 308) : 0.9114209760360354
(9, 337) : 0.9183522983331587
(9, 354) : -1
(9, 336) : 0.8340457095928476
(9, 338) : 0.9101823808725815
(9, 339) : 0.9041952545418386
(9, 358) : -1
(9, 329) : 0.9126744879982515
(9, 334) : 0.9095744468399758
========saver当前记录在案的总槽位: 3600 , 其中saver共有槽位67528个========
(9, 332) : 0.9097026921041775
(9, 345) : 0.9035785819449432
(9, 343) : 0.9277062125980928
(9, 340) : 0.8969557687836548
(9, 335) : 0.9017864565682441
(9, 366) : -1
(9, 344) : 0.8839019853703489
(10, 11) : -1
(9, 342) : 0.8909003419482624
(9, 348) : 0.8756652448756179
(9, 347) : 0.8718213037081834
(9, 346) : 0.9109971608440124
(9, 355) : 0.8280380094317819
(9, 356) : 0.8782609985677969
(9, 352) : 0.9143824764390762
(9, 357) : 0.8182167515843167
(9, 359) : 0.8927353587209509
(9, 353) : 0.9070349654153439
(9, 349) : 0.9166002656942827
(10, 23) : -1
(9, 351) : 0.9011137885523379
(9, 360) : 0.9026335701741095
(9, 361) : 0.910411327498283
(9, 364) : 0.8971825227337326
(9, 365) : 0.9101007268163263
(9, 367) : 0.9194982978143339
(9, 362) : 0.9216167272248798
(10, 12) : 0.8644347838383437
(9, 363) : 0.911447205340719
(10, 14) : 0.8932729511737894
(10, 17) : 0.8322999240358803
(10, 13) : 0.9509516829773014
(10, 24) : 0.8941059284244606
(10, 25) : 0.9152810032763022
(10, 38) : -1
(10, 16) : 0.9531241384907984
(10, 18) : 0.9747425733292856
(10, 21) : 0.9631878737932581
(10, 27) : 0.909497387329998
(10, 22) : 0.9460726629499694
(10, 19) : 0.9647123541272375
(10, 45) : -1
(10, 46) : -1
(10, 26) : 0.9529472276567198
(10, 48) : -1
(10, 28) : 0.8971475885498528
(10, 50) : -1
(10, 20) : 0.9435186027028948
(10, 32) : 0.858931219062874
(10, 53) : -1
(10, 54) : -1
(10, 30) : 0.905199801202505
(10, 33) : 0.8115811760821178
(10, 31) : 0.9276809615810269
(10, 34) : 0.8951891957066075
(10, 15) : 0.9684661916888484
(10, 36) : 0.9197436305400075
(10, 37) : 0.913169169648897
(10, 39) : 0.8974814600299155
(10, 41) : 0.907144571284408
(10, 43) : 0.9147407356926551
(10, 47) : 0.8030402199315466
(10, 51) : 0.8342137109013279
(10, 40) : 0.9723130002415545
(10, 29) : 0.964176470134861
(10, 35) : 0.9623590128315511
(10, 42) : 0.9586604183570614
(10, 71) : -1
(10, 56) : 0.8347036039707227
(10, 73) : -1
(10, 55) : 0.8346468193186967
(10, 49) : 0.9661555274704614
(10, 59) : 0.8445639873281756
(10, 44) : 0.9510173632440571
(10, 57) : 0.9062191214833081
(10, 79) : -1
(10, 58) : 0.8990990393343355
(10, 52) : 0.9371692552900028
(10, 60) : 0.9342615380433574
(10, 62) : 0.892663156612076
(10, 63) : 0.8991189351026109
(10, 64) : 0.8621295076406044
(10, 66) : 0.8857686191663365
(10, 61) : 0.9638149188860662
(10, 67) : 0.8988548644984207
(10, 68) : 0.9029887954715439
(10, 72) : 0.9438952866998379
(10, 65) : 0.8955395270132396
(10, 70) : 0.8961223464459207
(10, 75) : 0.881498037116496
(10, 76) : 0.9656848944627615
(10, 74) : 0.8966255234734577
(10, 78) : 0.8993394151458465
(10, 80) : 0.887481304776123
(10, 77) : 0.8991684147350506
(10, 69) : 0.9650880182935769
(10, 82) : 0.8928746219264293
(10, 81) : 0.9511172763190557
(10, 84) : 0.8990039456576019
(10, 85) : 0.8003737097976031
========saver当前记录在案的总槽位: 3700 , 其中saver共有槽位67528个========
(10, 104) : -1
(10, 105) : -1
(10, 106) : -1
(10, 107) : -1
(10, 108) : -1
(10, 109) : -1
(10, 86) : 0.8914069924464039
(10, 83) : 0.9663578356688234
(10, 87) : 0.892467206463004
(10, 90) : 0.8993573011817281
(10, 88) : 0.8984808791766652
(10, 91) : 0.9085425506998799
(10, 96) : 0.8799398532016713
(10, 92) : 0.8926592556911149
(10, 98) : 0.8935129200596391
(10, 97) : 0.7717409011103983
(10, 100) : 0.9054226851716142
(10, 95) : 0.9432868422275434
(10, 103) : 0.9025340045261165
(10, 123) : -1
(10, 101) : 0.9403348194294725
(10, 99) : 0.9634550960240404
(10, 126) : -1
(10, 111) : 0.9021735525082331
(10, 94) : 0.9610625320379176
(10, 110) : 0.9369813969593954
(10, 102) : 0.9567231964261896
(10, 113) : 0.923192350042363
(10, 112) : 0.9103663501274851
(10, 89) : 0.9689376113672424
(10, 114) : 0.907701638423177
(10, 115) : 0.8977861683906927
(10, 136) : -1
(10, 137) : -1
(10, 116) : 0.87423931293931
(10, 139) : -1
(10, 93) : 0.963829438911791
(10, 118) : 0.9104827879851738
(10, 117) : 0.8682837648074663
(10, 120) : 0.8511768542445177
(10, 144) : -1
(10, 119) : 0.9440549470601223
(10, 146) : -1
(10, 121) : 0.8928712270964397
(10, 125) : 0.9240806510295321
(10, 149) : -1
(10, 122) : 0.9273569547703207
(10, 151) : -1
(10, 127) : 0.902872287773136
(10, 124) : 0.9471713315654972
(10, 129) : 0.8830344873234299
(10, 132) : 0.9057281435518948
(10, 128) : 0.9084987194989859
(10, 135) : 0.8648993397556245
(10, 140) : 0.8309163377248798
(10, 130) : 0.8926592556911149
(10, 133) : 0.9626763531196783
(10, 138) : 0.9035684403266402
(10, 134) : 0.9452678726087842
(10, 141) : 0.8968084457489264
(10, 131) : 0.9474194980654099
(10, 142) : 0.9013678235262906
(10, 147) : 0.9448915250380735
(10, 167) : -1
(10, 145) : 0.8981680916013779
(10, 148) : 0.7883362902244563
(10, 143) : 0.9622980827499695
(10, 152) : 0.8899865218242204
(10, 172) : -1
(10, 150) : 0.7278701225689798
(10, 154) : 0.8554722117721387
(10, 155) : 0.878002754423339
(10, 153) : 0.9045045405656547
(10, 160) : 0.8011473333400301
(10, 158) : 0.9433774009251541
(10, 156) : 0.9031538032568502
(10, 159) : 0.9114639990861964
(10, 181) : -1
(10, 162) : 0.9030902498836381
(10, 183) : -1
(10, 161) : 0.9155994284833173
(10, 163) : 0.932939474133763
(10, 165) : 0.8999325584881679
(10, 164) : 0.943878894812628
(10, 157) : 0.9556043009220337
(10, 169) : 0.8749487108839288
(10, 170) : 0.8879436735772936
(10, 166) : 0.9450995710733303
(10, 173) : 0.9090811913625316
(10, 168) : 0.9660386651373455
(10, 194) : -1
(10, 171) : 0.8787996561915503
(10, 196) : -1
(10, 174) : 0.8811286904059699
(10, 175) : 0.8690753293416897
(10, 199) : -1
(10, 176) : 0.9124995406665362
(10, 180) : 0.9387862559401501
(10, 177) : 0.9508445192871321
(10, 203) : -1
========saver当前记录在案的总槽位: 3800 , 其中saver共有槽位67528个========
(10, 185) : 0.9326728409988201
(10, 178) : 0.9508655921768916
(10, 186) : 0.8745221001532715
(10, 187) : 0.9572468175872603
(10, 190) : 0.8250244642456771
(10, 182) : 0.9585211053755902
(10, 184) : 0.9639435686928852
(10, 188) : 0.9248493299456801
(10, 179) : 0.7326550474608403
(10, 191) : 0.9514327700216442
(10, 197) : 0.8086196567811097
(10, 193) : 0.8445165873041329
(10, 216) : -1
(10, 192) : 0.878553353896143
(10, 198) : 0.8964427116142027
(10, 200) : 0.8990086730180399
(10, 201) : 0.9712157531750159
(10, 220) : 0.8842748105029972
(10, 212) : 0.7152051843976963
(10, 223) : -1
(10, 209) : 0.9325707269987796
(10, 225) : -1
(10, 215) : 0.9166682751867277
(10, 189) : 0.9591971365877283
(10, 210) : 0.8902545870358574
(10, 229) : -1
(10, 217) : 0.8669098887292171
(10, 206) : 0.8483346387588985
(10, 213) : 0.8779740687077164
(10, 204) : 0.9296827787033138
(10, 219) : 0.8612632538333396
(10, 214) : 0.9039920536338486
(10, 236) : -1
(10, 208) : 0.884894800863632
(10, 202) : 0.9181862143784486
(10, 211) : 0.9048793289400285
(10, 195) : 0.9567280432427552
(10, 207) : 0.886192247024832
(10, 218) : 0.8421426533637252
(10, 205) : 0.8923154179524186
(10, 244) : -1
